#
# A fatal error has been detected by the Java Runtime Environment:
#
#  SIGSEGV (0xb) at pc=0xb33038b4, pid=24086, tid=0x4fdff460
#
# JRE version: OpenJDK Runtime Environment (8.0_212-b01) (build 1.8.0_212-8u212-b01-1+rpi1-b01)
# Java VM: OpenJDK Client VM (25.212-b01 mixed mode linux-aarch32 )
# Problematic frame:
# v  ~BufferBlob::vtable chunks
#
# Failed to write core dump. Core dumps have been disabled. To enable core dumping, try "ulimit -c unlimited" before starting Java again
#
# If you would like to submit a bug report, please visit:
#   http://bugreport.java.com/bugreport/crash.jsp
#

---------------  T H R E A D  ---------------

Current thread (0x51f10000):  JavaThread "pool-7-thread-6" [_thread_in_Java, id=24970, stack(0x4fdb0000,0x4fe00000)]

siginfo: si_signo: 11 (SIGSEGV), si_code: 1 (SEGV_MAPERR), si_addr: 0x000029ec

Registers:
R0=0xfffffffd
R1=0x53167cb8
R2=0x53ba8560
R3=0x53ba47b0
R4=0x000020c4
R5=0x53ba8560
R6=0x480dc548
R7=0x00000001
R8=0x51f10000
R9=0x00000928
R10=0x4a57b158
R11=0x4fdfcf04
R12=0x4a57b158
R13=0x4fdfc7f8
R14=0xb38eac64
R15=0xb33038b4

Top of Stack: (sp=0x4fdfc7f8)
0x4fdfc7f8:   4fdfcf04 4fdfca40 53ba8560 53167cb8
0x4fdfc808:   53ba47b0 00000000 4fdfcf04 b312f154
0x4fdfc818:   4a57b158 480dc548 53b4d160 784fefd8
0x4fdfc828:   53167cb8 53ba47b0 53ba8560 fffffffd
0x4fdfc838:   53167cb8 00000000 4fdfcf04 b3124920
0x4fdfc848:   4fdfc900 51f10000 b2e92e00 00000000
0x4fdfc858:   00000000 aeb09900 4a58f6a0 51f10000
0x4fdfc868:   525086e0 b6f03968 53ba8560 53ba47b0 

Instructions: (pc=0xb33038b4)
0xb3303894:   05 00 00 0a 00 00 5a e3 07 00 00 0a 08 40 84 e2
0xb33038a4:   00 a0 94 e5 0a 00 5c e1 f9 ff ff 1a 04 40 94 e5
0xb33038b4:   04 a0 99 e7 28 90 9a e5 19 ff 2f e1 ae 29 f1 ea
0xb33038c4:   48 c4 61 52 c0 87 3f b3 26 01 90 00 08 00 00 52 

Register to memory mapping:

R0=0xfffffffd is an unknown value
R1=0x53167cb8 is an oop
xsbt.CachedCompiler0$Compiler 
 - klass: 'xsbt/CachedCompiler0$Compiler'
R2=0x53ba8560 is an oop
scala.reflect.internal.Types$ModuleTypeRef 
 - klass: 'scala/reflect/internal/Types$ModuleTypeRef'
R3=0x53ba47b0 is an oop
scala.reflect.internal.Types$ClassNoArgsTypeRef 
 - klass: 'scala/reflect/internal/Types$ClassNoArgsTypeRef'
R4=0x000020c4 is an unknown value
R5=0x53ba8560 is an oop
scala.reflect.internal.Types$ModuleTypeRef 
 - klass: 'scala/reflect/internal/Types$ModuleTypeRef'
R6=0x480dc548 is pointing into metadata
R7=0x00000001 is an unknown value
R8=0x51f10000 is a thread
R9=0x00000928 is an unknown value
R10=0x4a57b158 is pointing into metadata
R11=0x4fdfcf04 is pointing into the stack for thread: 0x51f10000
R12=0x4a57b158 is pointing into metadata
R13=0x4fdfc7f8 is pointing into the stack for thread: 0x51f10000
R14=0xb38eac64 is at entry_point+164 in (nmethod*)0xb38eaa08
R15=0xb33038b4 is at entry_point+140 in a vtable stub
vtable stub (index = 293, receiver_location = 1, code = [0xb3303828, 0xb33038c8[)


Stack: [0x4fdb0000,0x4fe00000],  sp=0x4fdfc7f8,  free space=305k
Native frames: (J=compiled Java code, j=interpreted, Vv=VM code, C=native code)
v  ~BufferBlob::vtable chunks
j  scala.tools.nsc.typechecker.Typers$Typer.$anonfun$validateParentClasses$8(Lscala/tools/nsc/typechecker/Typers$Typer;Lscala/collection/immutable/List;Lscala/reflect/internal/Types$Type;Lscala/collection/mutable/ListBuffer;Lscala/reflect/internal/Symbols$Symbol;Lscala/reflect/internal/Trees$Tree;)Ljava/lang/Object;+8
j  scala.tools.nsc.typechecker.Typers$Typer.validateParentClasses(Lscala/collection/immutable/List;Lscala/reflect/internal/Types$Type;)V+122
j  scala.tools.nsc.typechecker.Typers$Typer.typedTemplate(Lscala/reflect/internal/Trees$Template;Lscala/collection/immutable/List;)Lscala/reflect/internal/Trees$Template;+938
j  scala.tools.nsc.typechecker.Typers$Typer.typedModuleDef(Lscala/reflect/internal/Trees$ModuleDef;)Lscala/reflect/internal/Trees$Tree;+411
j  scala.tools.nsc.typechecker.Typers$Typer.typedMemberDef$1(Lscala/reflect/internal/Trees$MemberDef;Lscala/reflect/internal/Trees$Tree;Lscala/reflect/internal/Symbols$Symbol;)Lscala/reflect/internal/Trees$Tree;+163
j  scala.tools.nsc.typechecker.Typers$Typer.typed1(Lscala/reflect/internal/Trees$Tree;ILscala/reflect/internal/Types$Type;)Lscala/reflect/internal/Trees$Tree;+89
j  scala.tools.nsc.typechecker.Typers$Typer.runTyper$1(Lscala/reflect/internal/Trees$Tree;ILscala/reflect/internal/Types$Type;Lscala/reflect/internal/Types$Type;)Lscala/reflect/internal/Trees$Tree;+120
j  scala.tools.nsc.typechecker.Typers$Typer.typedInternal(Lscala/reflect/internal/Trees$Tree;ILscala/reflect/internal/Types$Type;)Lscala/reflect/internal/Trees$Tree;+21
j  scala.tools.nsc.typechecker.Typers$Typer.body$2(Lscala/reflect/internal/Trees$Tree;ILscala/reflect/internal/Types$Type;)Lscala/reflect/internal/Trees$Tree;+79
j  scala.tools.nsc.typechecker.Typers$Typer.typed(Lscala/reflect/internal/Trees$Tree;ILscala/reflect/internal/Types$Type;)Lscala/reflect/internal/Trees$Tree;+203
J 18133 C1 scala.tools.nsc.typechecker.Typers$Typer.typedByValueExpr(Lscala/reflect/internal/Trees$Tree;Lscala/reflect/internal/Types$Type;)Lscala/reflect/internal/Trees$Tree; (31 bytes) @ 0xb34c3228 [0xb34c31c0+0x68]
j  scala.tools.nsc.typechecker.Typers$Typer.typedStat$1(Lscala/reflect/internal/Trees$Tree;Lscala/collection/immutable/List;Lscala/reflect/internal/Symbols$Symbol;ZZZ)Lscala/reflect/internal/Trees$Tree;+262
j  scala.tools.nsc.typechecker.Typers$Typer.$anonfun$typedStats$10(Lscala/tools/nsc/typechecker/Typers$Typer;Lscala/collection/immutable/List;Lscala/reflect/internal/Symbols$Symbol;ZZZLscala/reflect/internal/Trees$Tree;)Lscala/reflect/internal/Trees$Tree;+10
j  scala.tools.nsc.typechecker.Typers$Typer.typedStats(Lscala/collection/immutable/List;Lscala/reflect/internal/Symbols$Symbol;Z)Lscala/collection/immutable/List;+172
j  scala.tools.nsc.typechecker.Typers$Typer.typedPackageDef$1(Lscala/reflect/internal/Trees$PackageDef;Lscala/reflect/internal/Trees$Tree;Lscala/reflect/internal/Symbols$Symbol;)Lscala/reflect/internal/Trees$PackageDef;+209
j  scala.tools.nsc.typechecker.Typers$Typer.typedMemberDef$1(Lscala/reflect/internal/Trees$MemberDef;Lscala/reflect/internal/Trees$Tree;Lscala/reflect/internal/Symbols$Symbol;)Lscala/reflect/internal/Trees$Tree;+213
j  scala.tools.nsc.typechecker.Typers$Typer.typed1(Lscala/reflect/internal/Trees$Tree;ILscala/reflect/internal/Types$Type;)Lscala/reflect/internal/Trees$Tree;+89
j  scala.tools.nsc.typechecker.Typers$Typer.runTyper$1(Lscala/reflect/internal/Trees$Tree;ILscala/reflect/internal/Types$Type;Lscala/reflect/internal/Types$Type;)Lscala/reflect/internal/Trees$Tree;+120
j  scala.tools.nsc.typechecker.Typers$Typer.typedInternal(Lscala/reflect/internal/Trees$Tree;ILscala/reflect/internal/Types$Type;)Lscala/reflect/internal/Trees$Tree;+21
j  scala.tools.nsc.typechecker.Typers$Typer.body$2(Lscala/reflect/internal/Trees$Tree;ILscala/reflect/internal/Types$Type;)Lscala/reflect/internal/Trees$Tree;+79
j  scala.tools.nsc.typechecker.Typers$Typer.typed(Lscala/reflect/internal/Trees$Tree;ILscala/reflect/internal/Types$Type;)Lscala/reflect/internal/Trees$Tree;+203
j  scala.tools.nsc.typechecker.Typers$Typer.typed(Lscala/reflect/internal/Trees$Tree;)Lscala/reflect/internal/Trees$Tree;+21
j  scala.tools.nsc.typechecker.Analyzer$typerFactory$$anon$3.apply(Lscala/tools/nsc/CompilationUnits$CompilationUnit;)V+68
j  scala.tools.nsc.Global$GlobalPhase.$anonfun$applyPhase$1(Lscala/tools/nsc/Global$GlobalPhase;Lscala/tools/nsc/CompilationUnits$CompilationUnit;)V+2
j  scala.tools.nsc.Global$GlobalPhase.applyPhase(Lscala/tools/nsc/CompilationUnits$CompilationUnit;)V+188
j  scala.tools.nsc.typechecker.Analyzer$typerFactory$$anon$3.$anonfun$run$1(Lscala/tools/nsc/typechecker/Analyzer$typerFactory$$anon$3;Lscala/tools/nsc/CompilationUnits$CompilationUnit;)V+2
j  scala.tools.nsc.typechecker.Analyzer$typerFactory$$anon$3.$anonfun$run$1$adapted(Lscala/tools/nsc/typechecker/Analyzer$typerFactory$$anon$3;Lscala/tools/nsc/CompilationUnits$CompilationUnit;)Ljava/lang/Object;+2
j  scala.tools.nsc.typechecker.Analyzer$typerFactory$$anon$3$$Lambda$351.apply(Ljava/lang/Object;)Ljava/lang/Object;+8
J 15291 C1 scala.collection.AbstractIterator.foreach(Lscala/Function1;)V (6 bytes) @ 0xb38ef804 [0xb38ef7a0+0x64]
j  scala.tools.nsc.typechecker.Analyzer$typerFactory$$anon$3.run()V+97
j  scala.tools.nsc.Global$Run.compileUnitsInternal(Lscala/collection/immutable/List;Lscala/reflect/internal/Phase;)V+339
j  scala.tools.nsc.Global$Run.compileUnits(Lscala/collection/immutable/List;Lscala/reflect/internal/Phase;)V+3
j  scala.tools.nsc.Global$Run.compileSources(Lscala/collection/immutable/List;)V+379
j  scala.tools.nsc.Global$Run.compile(Lscala/collection/immutable/List;)V+251
j  xsbt.CachedCompiler0.run(Lscala/collection/immutable/List;Lxsbti/compile/DependencyChanges;Lxsbti/AnalysisCallback;Lxsbti/Logger;Lxsbt/DelegatingReporter;Lxsbti/compile/CompileProgress;)V+146
j  xsbt.CachedCompiler0.run([Ljava/io/File;Lxsbti/compile/DependencyChanges;Lxsbti/AnalysisCallback;Lxsbti/Logger;Lxsbti/Reporter;Lxsbti/compile/CompileProgress;)V+57
j  xsbt.CompilerInterface.run([Ljava/io/File;Lxsbti/compile/DependencyChanges;Lxsbti/AnalysisCallback;Lxsbti/Logger;Lxsbti/Reporter;Lxsbti/compile/CompileProgress;Lxsbti/compile/CachedCompiler;)V+11
v  ~StubRoutines::call_stub
V  [libjvm.so+0x2e54b8]
V  [libjvm.so+0x2e4c14]
V  [libjvm.so+0x4a5000]
V  [libjvm.so+0x4a6140]
V  [libjvm.so+0x33cd18]  JVM_InvokeMethod+0x120
j  sun.reflect.NativeMethodAccessorImpl.invoke0(Ljava/lang/reflect/Method;Ljava/lang/Object;[Ljava/lang/Object;)Ljava/lang/Object;+0
j  sun.reflect.NativeMethodAccessorImpl.invoke(Ljava/lang/Object;[Ljava/lang/Object;)Ljava/lang/Object;+100
j  sun.reflect.DelegatingMethodAccessorImpl.invoke(Ljava/lang/Object;[Ljava/lang/Object;)Ljava/lang/Object;+6
j  java.lang.reflect.Method.invoke(Ljava/lang/Object;[Ljava/lang/Object;)Ljava/lang/Object;+56
j  sbt.compiler.AnalyzingCompiler.call(Ljava/lang/String;Ljava/lang/String;Lsbt/Logger;Lscala/collection/Seq;Lscala/collection/Seq;)Ljava/lang/Object;+61
j  sbt.compiler.AnalyzingCompiler.compile(Lscala/collection/Seq;Lxsbti/compile/DependencyChanges;Lxsbti/AnalysisCallback;Lsbt/Logger;Lxsbti/Reporter;Lxsbti/compile/CompileProgress;Lxsbti/compile/CachedCompiler;)V+157
j  sbt.compiler.AnalyzingCompiler.compile(Lscala/collection/Seq;Lxsbti/compile/DependencyChanges;Lscala/collection/Seq;Lxsbti/compile/Output;Lxsbti/AnalysisCallback;Lxsbti/Reporter;Lxsbti/compile/GlobalsCache;Lsbt/Logger;Lscala/Option;)V+78
j  sbt.compiler.MixedAnalyzingCompiler$$anonfun$compileScala$1$1.apply$mcV$sp()V+76
j  sbt.compiler.MixedAnalyzingCompiler$$anonfun$compileScala$1$1.apply()V+1
j  sbt.compiler.MixedAnalyzingCompiler$$anonfun$compileScala$1$1.apply()Ljava/lang/Object;+1
j  sbt.compiler.MixedAnalyzingCompiler.timed(Ljava/lang/String;Lsbt/Logger;Lscala/Function0;)Ljava/lang/Object;+6
j  sbt.compiler.MixedAnalyzingCompiler.compileScala$1(Lxsbti/compile/DependencyChanges;Lxsbti/AnalysisCallback;Lscala/collection/Seq;Lscala/collection/Seq;)V+108
j  sbt.compiler.MixedAnalyzingCompiler.compile(Lscala/collection/immutable/Set;Lxsbti/compile/DependencyChanges;Lxsbti/AnalysisCallback;)V+215
j  sbt.compiler.IC$$anonfun$compileInternal$1.apply(Lscala/collection/immutable/Set;Lxsbti/compile/DependencyChanges;Lxsbti/AnalysisCallback;)V+7
j  sbt.compiler.IC$$anonfun$compileInternal$1.apply(Ljava/lang/Object;Ljava/lang/Object;Ljava/lang/Object;)Ljava/lang/Object;+13
j  sbt.inc.IncrementalCompile$$anonfun$doCompile$1.apply(Lscala/collection/immutable/Set;Lxsbti/compile/DependencyChanges;)Lsbt/inc/Analysis;+35
j  sbt.inc.IncrementalCompile$$anonfun$doCompile$1.apply(Ljava/lang/Object;Ljava/lang/Object;)Ljava/lang/Object;+9
j  sbt.inc.IncrementalCommon.cycle(Lscala/collection/immutable/Set;Lscala/collection/immutable/Set;Lxsbti/compile/DependencyChanges;Lsbt/inc/Analysis;Lscala/Function2;Lsbt/inc/ClassfileManager;I)Lsbt/inc/Analysis;+101
j  sbt.inc.Incremental$$anonfun$1.apply(Lsbt/inc/ClassfileManager;)Lsbt/inc/Analysis;+26
j  sbt.inc.Incremental$$anonfun$1.apply(Ljava/lang/Object;)Ljava/lang/Object;+5
j  sbt.inc.Incremental$.manageClassfiles(Lsbt/inc/IncOptions;Lscala/Function1;)Ljava/lang/Object;+15
j  sbt.inc.Incremental$.compile(Lscala/collection/immutable/Set;Lscala/Function1;Lsbt/inc/Analysis;Lsbt/inc/ReadStamps;Lscala/Function1;Lscala/Function2;Lsbt/Logger;Lsbt/inc/IncOptions;Lscala/math/Equiv;)Lscala/Tuple2;+144
j  sbt.inc.IncrementalCompile$.apply(Lscala/collection/immutable/Set;Lscala/Function1;Lscala/Function3;Lsbt/inc/Analysis;Lscala/Function1;Lxsbti/compile/Output;Lsbt/Logger;Lsbt/inc/IncOptions;)Lscala/Tuple2;+82
j  sbt.compiler.IC$.compileInternal(Lsbt/compiler/MixedAnalyzingCompiler;Lxsbti/Logger;Lscala/math/Equiv;)Lscala/Tuple2;+224
j  sbt.compiler.IC$.incrementalCompile(Lsbt/compiler/AnalyzingCompiler;Lxsbti/compile/JavaCompiler;Lscala/collection/Seq;Lscala/collection/Seq;Lxsbti/compile/Output;Lxsbti/compile/GlobalsCache;Lscala/Option;Lscala/collection/Seq;Lscala/collection/Seq;Lsbt/inc/Analysis;Lscala/Option;Lscala/Function1;Lscala/Function1;Lxsbti/Reporter;Lxsbti/compile/CompileOrder;ZLsbt/inc/IncOptions;Lxsbti/Logger;)Lsbt/compiler/IC$Result;+105
j  sbt.Compiler$.compile(Lsbt/Compiler$InputsWithPrevious;Lsbt/Logger;Lxsbti/Reporter;)Lsbt/compiler/IC$Result;+186
j  sbt.Compiler$.compile(Lsbt/Compiler$InputsWithPrevious;Lsbt/Logger;)Lsbt/compiler/IC$Result;+31
j  sbt.Defaults$.sbt$Defaults$$compileIncrementalTaskImpl(Lsbt/std/TaskStreams;Lsbt/Compiler$Inputs;Lsbt/Compiler$PreviousAnalysis;Lscala/Option;)Lsbt/compiler/IC$Result;+146
j  sbt.Defaults$$anonfun$compileIncrementalTask$1.apply(Lscala/Tuple4;)Lsbt/compiler/IC$Result;+43
j  sbt.Defaults$$anonfun$compileIncrementalTask$1.apply(Ljava/lang/Object;)Ljava/lang/Object;+5
J 4086 C1 scala.Function1$$anonfun$compose$1.apply(Ljava/lang/Object;)Ljava/lang/Object; (20 bytes) @ 0xb3497560 [0xb3497500+0x60]
j  sbt.$tilde$greater$$anonfun$$u2219$1.apply(Ljava/lang/Object;)Ljava/lang/Object;+13
j  sbt.std.Transform$$anon$4.work(Ljava/lang/Object;)Lscala/util/Either;+5
j  sbt.Execute$$anonfun$submit$1$$anonfun$apply$1.apply()Lscala/util/Either;+14
j  sbt.Execute$$anonfun$submit$1$$anonfun$apply$1.apply()Ljava/lang/Object;+1
j  sbt.ErrorHandling$.wideConvert(Lscala/Function0;)Lscala/util/Either;+7
j  sbt.Execute.work(Ljava/lang/Object;Lscala/Function0;Lsbt/CompletionService;)Lsbt/Completed;+14
j  sbt.Execute$$anonfun$submit$1.apply()Lsbt/Completed;+20
j  sbt.Execute$$anonfun$submit$1.apply()Ljava/lang/Object;+1
j  sbt.ConcurrentRestrictions$$anon$4$$anonfun$1.apply()Ljava/lang/Object;+4
j  sbt.CompletionService$$anon$2.call()Ljava/lang/Object;+4
j  java.util.concurrent.FutureTask.run()V+42
j  java.util.concurrent.Executors$RunnableAdapter.call()Ljava/lang/Object;+4
j  java.util.concurrent.FutureTask.run()V+42
J 4572 C1 java.util.concurrent.ThreadPoolExecutor.runWorker(Ljava/util/concurrent/ThreadPoolExecutor$Worker;)V (225 bytes) @ 0xb34e78f0 [0xb34e7700+0x1f0]
j  java.util.concurrent.ThreadPoolExecutor$Worker.run()V+5
j  java.lang.Thread.run()V+11
v  ~StubRoutines::call_stub
V  [libjvm.so+0x2e54b8]
V  [libjvm.so+0x2e31f0]
V  [libjvm.so+0x2e37b0]
V  [libjvm.so+0x33023c]
V  [libjvm.so+0x53d720]
V  [libjvm.so+0x53da18]
V  [libjvm.so+0x455928]
C  [libpthread.so.0+0x6494]  start_thread+0xcc
...<more frames>...


---------------  P R O C E S S  ---------------

Java Threads: ( => current thread )
  0x51e11c00 JavaThread "pool-7-thread-7" [_thread_blocked, id=24971, stack(0x4c970000,0x4c9c0000)]
=>0x51f10000 JavaThread "pool-7-thread-6" [_thread_in_Java, id=24970, stack(0x4fdb0000,0x4fe00000)]
  0x51654c00 JavaThread "pool-7-thread-5" [_thread_blocked, id=24969, stack(0x4ee25000,0x4ee75000)]
  0x4af9b400 JavaThread "pool-7-thread-4" [_thread_blocked, id=24968, stack(0x4cc60000,0x4ccb0000)]
  0x4af9ac00 JavaThread "pool-7-thread-3" [_thread_blocked, id=24967, stack(0x4ff29000,0x4ff79000)]
  0x4af9a400 JavaThread "pool-7-thread-2" [_thread_blocked, id=24966, stack(0x4cb10000,0x4cb60000)]
  0x4af63400 JavaThread "pool-7-thread-1" [_thread_blocked, id=24965, stack(0x4ccb0000,0x4cd00000)]
  0x4e728400 JavaThread "process reaper" daemon [_thread_blocked, id=24935, stack(0x4cac0000,0x4cb10000)]
  0xb4f84000 JavaThread "Service Thread" daemon [_thread_blocked, id=24097, stack(0x5172f000,0x5177f000)]
  0xb4f81c00 JavaThread "C1 CompilerThread0" daemon [_thread_blocked, id=24096, stack(0x51780000,0x51800000)]
  0xb4f80400 JavaThread "Signal Dispatcher" daemon [_thread_blocked, id=24095, stack(0x51936000,0x51986000)]
  0xb4f65000 JavaThread "Finalizer" daemon [_thread_blocked, id=24093, stack(0x52119000,0x52169000)]
  0xb4f63400 JavaThread "Reference Handler" daemon [_thread_blocked, id=24092, stack(0x52169000,0x521b9000)]
  0xb4f07800 JavaThread "main" [_thread_blocked, id=24089, stack(0xb5031000,0xb5081000)]

Other Threads:
  0xb4f5dc00 VMThread [stack: 0x521ba000,0x5223a000] [id=24091]
  0xb4f86000 WatcherThread [stack: 0x51580000,0x51600000] [id=24098]

VM state:not at safepoint (normal execution)

VM Mutex/Monitor currently owned by a thread: None

Heap:
 def new generation   total 91264K, used 25334K [0x52e00000, 0x59100000, 0x72e00000)
  eden space 81152K,  18% used [0x52e00000, 0x53cdd950, 0x57d40000)
  from space 10112K, 100% used [0x57d40000, 0x58720000, 0x58720000)
  to   space 10112K,   0% used [0x58720000, 0x58720000, 0x59100000)
 tenured generation   total 202592K, used 138664K [0x72e00000, 0x7f3d8000, 0xb2e00000)
   the space 202592K,  68% used [0x72e00000, 0x7b56a2d8, 0x7b56a400, 0x7f3d8000)
 Metaspace       used 66548K, capacity 68171K, committed 68248K, reserved 68912K

Card table byte_map: [0x52aff000,0x52e00000] byte_map_base: 0x52868000

Polling page: 0xb6efe000

CodeCache: size=32768Kb used=18113Kb max_used=18565Kb free=14654Kb
 bounds [0xb2e8e000, 0xb40ce000, 0xb4e8e000]
 total_blobs=8220 nmethods=8000 adapters=146
 compilation: enabled

Compilation events (10 events):
Event: 424,310 Thread 0xb4f81c00 19073             java.util.ArrayDeque::poll (5 bytes)
Event: 424,310 Thread 0xb4f81c00 nmethod 19073 0xb326fd88 code [0xb326fe80, 0xb326ff50]
Event: 424,310 Thread 0xb4f81c00 19074             java.util.ArrayDeque::pollFirst (42 bytes)
Event: 424,311 Thread 0xb4f81c00 nmethod 19074 0xb326fac8 code [0xb326fbc0, 0xb326fcfc]
Event: 424,317 Thread 0xb4f81c00 19075             scala.collection.immutable.HashMap::$plus (6 bytes)
Event: 424,318 Thread 0xb4f81c00 nmethod 19075 0xb34f9208 code [0xb34f9340, 0xb34f94f4]
Event: 424,321 Thread 0xb4f81c00 19076             scala.StringContext$$Lambda$33/10281797::apply (8 bytes)
Event: 424,321 Thread 0xb4f81c00 nmethod 19076 0xb34f8f08 code [0xb34f9000, 0xb34f9110]
Event: 424,353 Thread 0xb4f81c00 19077             scala.reflect.internal.Constants$Constant::<init> (244 bytes)
Event: 424,355 Thread 0xb4f81c00 nmethod 19077 0xb3257688 code [0xb3257840, 0xb325803c]

GC Heap History (10 events):
Event: 397,364 GC heap before
{Heap before GC invocations=214 (full 15):
 def new generation   total 57920K, used 57920K [0x52e00000, 0x56cd0000, 0x72e00000)
  eden space 51520K, 100% used [0x52e00000, 0x56050000, 0x56050000)
  from space 6400K, 100% used [0x56690000, 0x56cd0000, 0x56cd0000)
  to   space 6400K,   0% used [0x56050000, 0x56050000, 0x56690000)
 tenured generation   total 128604K, used 95491K [0x72e00000, 0x7ab97000, 0xb2e00000)
   the space 128604K,  74% used [0x72e00000, 0x78b40c30, 0x78b40e00, 0x7ab97000)
 Metaspace       used 56805K, capacity 57476K, committed 57496K, reserved 57648K
Event: 397,471 GC heap after
Heap after GC invocations=215 (full 15):
 def new generation   total 57920K, used 6400K [0x52e00000, 0x56cd0000, 0x72e00000)
  eden space 51520K,   0% used [0x52e00000, 0x52e00000, 0x56050000)
  from space 6400K, 100% used [0x56050000, 0x56690000, 0x56690000)
  to   space 6400K,   0% used [0x56690000, 0x56690000, 0x56cd0000)
 tenured generation   total 128604K, used 110867K [0x72e00000, 0x7ab97000, 0xb2e00000)
   the space 128604K,  86% used [0x72e00000, 0x79a44c48, 0x79a44e00, 0x7ab97000)
 Metaspace       used 56805K, capacity 57476K, committed 57496K, reserved 57648K
}
Event: 400,665 GC heap before
{Heap before GC invocations=215 (full 15):
 def new generation   total 57920K, used 57920K [0x52e00000, 0x56cd0000, 0x72e00000)
  eden space 51520K, 100% used [0x52e00000, 0x56050000, 0x56050000)
  from space 6400K, 100% used [0x56050000, 0x56690000, 0x56690000)
  to   space 6400K,   0% used [0x56690000, 0x56690000, 0x56cd0000)
 tenured generation   total 128604K, used 110867K [0x72e00000, 0x7ab97000, 0xb2e00000)
   the space 128604K,  86% used [0x72e00000, 0x79a44c48, 0x79a44e00, 0x7ab97000)
 Metaspace       used 61017K, capacity 61902K, committed 61976K, reserved 62768K
Event: 400,776 GC heap after
Heap after GC invocations=216 (full 15):
 def new generation   total 57920K, used 6400K [0x52e00000, 0x56cd0000, 0x72e00000)
  eden space 51520K,   0% used [0x52e00000, 0x52e00000, 0x56050000)
  from space 6400K, 100% used [0x56690000, 0x56cd0000, 0x56cd0000)
  to   space 6400K,   0% used [0x56050000, 0x56050000, 0x56690000)
 tenured generation   total 128604K, used 125231K [0x72e00000, 0x7ab97000, 0xb2e00000)
   the space 128604K,  97% used [0x72e00000, 0x7a84be80, 0x7a84c000, 0x7ab97000)
 Metaspace       used 61017K, capacity 61902K, committed 61976K, reserved 62768K
}
Event: 406,434 GC heap before
{Heap before GC invocations=216 (full 15):
 def new generation   total 57920K, used 57920K [0x52e00000, 0x56cd0000, 0x72e00000)
  eden space 51520K, 100% used [0x52e00000, 0x56050000, 0x56050000)
  from space 6400K, 100% used [0x56690000, 0x56cd0000, 0x56cd0000)
  to   space 6400K,   0% used [0x56050000, 0x56050000, 0x56690000)
 tenured generation   total 128604K, used 125231K [0x72e00000, 0x7ab97000, 0xb2e00000)
   the space 128604K,  97% used [0x72e00000, 0x7a84be80, 0x7a84c000, 0x7ab97000)
 Metaspace       used 62665K, capacity 63807K, committed 63896K, reserved 64816K
Event: 407,549 GC heap after
Heap after GC invocations=217 (full 16):
 def new generation   total 91264K, used 0K [0x52e00000, 0x59100000, 0x72e00000)
  eden space 81152K,   0% used [0x52e00000, 0x52e00000, 0x57d40000)
  from space 10112K,   0% used [0x57d40000, 0x57d40000, 0x58720000)
  to   space 10112K,   0% used [0x58720000, 0x58720000, 0x59100000)
 tenured generation   total 202592K, used 121553K [0x72e00000, 0x7f3d8000, 0xb2e00000)
   the space 202592K,  59% used [0x72e00000, 0x7a4b44d8, 0x7a4b4600, 0x7f3d8000)
 Metaspace       used 61905K, capacity 63000K, committed 63896K, reserved 64816K
}
Event: 416,565 GC heap before
{Heap before GC invocations=217 (full 16):
 def new generation   total 91264K, used 81152K [0x52e00000, 0x59100000, 0x72e00000)
  eden space 81152K, 100% used [0x52e00000, 0x57d40000, 0x57d40000)
  from space 10112K,   0% used [0x57d40000, 0x57d40000, 0x58720000)
  to   space 10112K,   0% used [0x58720000, 0x58720000, 0x59100000)
 tenured generation   total 202592K, used 121553K [0x72e00000, 0x7f3d8000, 0xb2e00000)
   the space 202592K,  59% used [0x72e00000, 0x7a4b44d8, 0x7a4b4600, 0x7f3d8000)
 Metaspace       used 63834K, capacity 65203K, committed 65304K, reserved 65840K
Event: 416,706 GC heap after
Heap after GC invocations=218 (full 16):
 def new generation   total 91264K, used 10112K [0x52e00000, 0x59100000, 0x72e00000)
  eden space 81152K,   0% used [0x52e00000, 0x52e00000, 0x57d40000)
  from space 10112K, 100% used [0x58720000, 0x59100000, 0x59100000)
  to   space 10112K,   0% used [0x57d40000, 0x57d40000, 0x58720000)
 tenured generation   total 202592K, used 126128K [0x72e00000, 0x7f3d8000, 0xb2e00000)
   the space 202592K,  62% used [0x72e00000, 0x7a92c2d0, 0x7a92c400, 0x7f3d8000)
 Metaspace       used 63834K, capacity 65203K, committed 65304K, reserved 65840K
}
Event: 423,629 GC heap before
{Heap before GC invocations=218 (full 16):
 def new generation   total 91264K, used 91264K [0x52e00000, 0x59100000, 0x72e00000)
  eden space 81152K, 100% used [0x52e00000, 0x57d40000, 0x57d40000)
  from space 10112K, 100% used [0x58720000, 0x59100000, 0x59100000)
  to   space 10112K,   0% used [0x57d40000, 0x57d40000, 0x58720000)
 tenured generation   total 202592K, used 126128K [0x72e00000, 0x7f3d8000, 0xb2e00000)
   the space 202592K,  62% used [0x72e00000, 0x7a92c2d0, 0x7a92c400, 0x7f3d8000)
 Metaspace       used 66082K, capacity 67672K, committed 67736K, reserved 67888K
Event: 423,791 GC heap after
Heap after GC invocations=219 (full 16):
 def new generation   total 91264K, used 10112K [0x52e00000, 0x59100000, 0x72e00000)
  eden space 81152K,   0% used [0x52e00000, 0x52e00000, 0x57d40000)
  from space 10112K, 100% used [0x57d40000, 0x58720000, 0x58720000)
  to   space 10112K,   0% used [0x58720000, 0x58720000, 0x59100000)
 tenured generation   total 202592K, used 138664K [0x72e00000, 0x7f3d8000, 0xb2e00000)
   the space 202592K,  68% used [0x72e00000, 0x7b56a2d8, 0x7b56a400, 0x7f3d8000)
 Metaspace       used 66082K, capacity 67672K, committed 67736K, reserved 67888K
}

Deoptimization events (0 events):
No events

Classes redefined (0 events):
No events

Internal exceptions (10 events):
Event: 421,518 Thread 0x51f10000 Exception <a 'java/lang/NoSuchMethodError': java.lang.Object.$anonfun$emitParamAnnotations$2$adapted(Lscala/tools/nsc/backend/jvm/BCodeHelpers$BCAnnotGen;Lscala/reflect/internal/AnnotationInfos$AnnotationInfo;)Ljava/lang/Object;> (0x563481f0) thrown at [/
Event: 421,790 Thread 0x51f10000 Exception <a 'java/lang/NoSuchMethodError': java.lang.Object.$anonfun$asScalaBufferConverter$1(Lscala/collection/convert/DecorateAsScala;Ljava/util/List;)Lscala/collection/mutable/Buffer;> (0x56696718) thrown at [/openjdk-8-8u212-b01/src/hotspot/src/share
Event: 421,834 Thread 0x51f10000 Exception <a 'java/lang/NoSuchMethodError': java.lang.Object.$anonfun$occCounts$1$adapted(Lscala/collection/mutable/HashMap;Ljava/lang/Object;)Ljava/lang/Object;> (0x567571f0) thrown at [/openjdk-8-8u212-b01/src/hotspot/src/share/vm/interpreter/linkResolv
Event: 421,835 Thread 0x51f10000 Exception <a 'java/lang/NoSuchMethodError': java.lang.Object.$anonfun$diff$1(Lscala/collection/mutable/Map;Lscala/collection/mutable/Builder;Ljava/lang/Object;)Ljava/lang/Object;> (0x5675b4d0) thrown at [/openjdk-8-8u212-b01/src/hotspot/src/share/vm/inter
Event: 421,885 Thread 0x51f10000 Exception <a 'sun/nio/fs/UnixException'> (0x5682ba38) thrown at [/openjdk-8-8u212-b01/src/hotspot/src/share/vm/prims/jni.cpp, line 710]
Event: 421,922 Thread 0x51f10000 Exception <a 'java/lang/NoSuchMethodError': java.lang.Object.$anonfun$grouped$1(Lscala/collection/IterableLike;Lscala/collection/Seq;)Ljava/lang/Object;> (0x568af2a8) thrown at [/openjdk-8-8u212-b01/src/hotspot/src/share/vm/interpreter/linkResolver.cpp, l
Event: 423,962 Thread 0x51f10000 Exception <a 'java/lang/NoSuchMethodError': java.lang.Object.$anonfun$indexWhere$1$adapted(Lscala/Function1;Ljava/lang/Object;)Ljava/lang/Object;> (0x5310fff8) thrown at [/openjdk-8-8u212-b01/src/hotspot/src/share/vm/interpreter/linkResolver.cpp, line 620
Event: 423,999 Thread 0x51f10000 Exception <a 'java/lang/NoSuchMethodError': java.lang.Object.$anonfun$recreateArgs$1(Lscala/tools/nsc/settings/AbsSettings$AbsSetting;)Lscala/collection/immutable/List;> (0x53218f08) thrown at [/openjdk-8-8u212-b01/src/hotspot/src/share/vm/interpreter/lin
Event: 424,043 Thread 0x51f10000 Exception <a 'java/lang/NoSuchMethodError': java.lang.Object.$anonfun$listChildren$1(Ljava/io/File;Ljava/io/File;)I> (0x532d08d8) thrown at [/openjdk-8-8u212-b01/src/hotspot/src/share/vm/interpreter/linkResolver.cpp, line 620]
Event: 424,045 Thread 0x51f10000 Exception <a 'java/lang/NoSuchMethodError': java.lang.Object.$anonfun$list$1(Lscala/tools/nsc/classpath/DirectoryLookup;Ljava/lang/String;Lscala/collection/mutable/ArrayBuffer;Lscala/collection/mutable/ArrayBuffer;Ljava/lang/Object;)Ljava/lang/Object;> (0

Events (10 events):
Event: 424,284 loading class xsbt/CachedCompiler0$Compiler$apiExtractor$$anonfun$1
Event: 424,284 loading class xsbt/CachedCompiler0$Compiler$apiExtractor$$anonfun$1 done
Event: 424,285 loading class xsbt/API
Event: 424,285 loading class xsbt/API done
Event: 424,336 loading class scala/Function1
Event: 424,336 loading class scala/Function1 done
Event: 424,337 loading class scala/Function2
Event: 424,337 loading class scala/Function2 done
Event: 424,362 Executing VM operation: ForceSafepoint
Event: 424,363 Executing VM operation: ForceSafepoint done


Dynamic libraries:
00010000-00011000 r-xp 00000000 b3:02 2456063    /usr/lib/jvm/java-8-openjdk-armhf/jre/bin/java
00020000-00021000 r--p 00000000 b3:02 2456063    /usr/lib/jvm/java-8-openjdk-armhf/jre/bin/java
00021000-00022000 rw-p 00001000 b3:02 2456063    /usr/lib/jvm/java-8-openjdk-armhf/jre/bin/java
00130000-001ab000 rw-p 00000000 00:00 0          [heap]
47f00000-47f60000 rw-p 00000000 00:00 0 
47f60000-48000000 ---p 00000000 00:00 0 
48000000-48100000 rw-p 00000000 00:00 0 
48100000-48200000 rw-p 00000000 00:00 0 
48200000-48300000 rw-p 00000000 00:00 0 
48300000-48400000 rw-p 00000000 00:00 0 
48400000-48500000 rw-p 00000000 00:00 0 
48500000-48600000 rw-p 00000000 00:00 0 
48600000-48700000 rw-p 00000000 00:00 0 
48700000-48800000 rw-p 00000000 00:00 0 
48800000-48900000 rw-p 00000000 00:00 0 
48900000-48a00000 rw-p 00000000 00:00 0 
48a00000-48b00000 rw-p 00000000 00:00 0 
48b00000-48c00000 rw-p 00000000 00:00 0 
48c00000-48c29000 rw-p 00000000 00:00 0 
48c29000-48d00000 ---p 00000000 00:00 0 
48d00000-48e00000 rw-p 00000000 00:00 0 
48e00000-48f00000 rw-p 00000000 00:00 0 
48f00000-48ffe000 rw-p 00000000 00:00 0 
48ffe000-49000000 ---p 00000000 00:00 0 
49000000-49100000 rw-p 00000000 00:00 0 
49100000-49200000 rw-p 00000000 00:00 0 
49200000-49300000 rw-p 00000000 00:00 0 
49300000-49400000 rw-p 00000000 00:00 0 
49400000-495ea000 rw-p 00000000 00:00 0 
495ea000-49600000 ---p 00000000 00:00 0 
49600000-49800000 rw-p 00000000 00:00 0 
49800000-49a00000 rw-p 00000000 00:00 0 
49a00000-49c00000 rw-p 00000000 00:00 0 
49c00000-49d00000 rw-p 00000000 00:00 0 
49d00000-49df9000 rw-p 00000000 00:00 0 
49df9000-49e00000 ---p 00000000 00:00 0 
49e00000-49efe000 rw-p 00000000 00:00 0 
49efe000-49f00000 ---p 00000000 00:00 0 
49f00000-4a000000 rw-p 00000000 00:00 0 
4a000000-4a1f5000 rw-p 00000000 00:00 0 
4a1f5000-4a200000 ---p 00000000 00:00 0 
4a200000-4a2f9000 rw-p 00000000 00:00 0 
4a2f9000-4a300000 ---p 00000000 00:00 0 
4a300000-4a400000 rw-p 00000000 00:00 0 
4a400000-4a500000 rw-p 00000000 00:00 0 
4a500000-4a600000 rw-p 00000000 00:00 0 
4a600000-4a700000 rw-p 00000000 00:00 0 
4a700000-4a7d8000 rw-p 00000000 00:00 0 
4a7d8000-4a800000 ---p 00000000 00:00 0 
4a836000-4a845000 r--s 000f3000 b3:02 2580523    /home/pi/.ivy2/cache/org.mvel/mvel2/jars/mvel2-2.3.1.Final.jar
4a845000-4a848000 r--s 0002c000 b3:02 2580519    /home/pi/.ivy2/cache/io.vertx/vertx-codegen/jars/vertx-codegen-3.5.0.jar
4a848000-4a84a000 r--s 00007000 b3:02 2580511    /home/pi/.ivy2/cache/io.vertx/vertx-bridge-common/jars/vertx-bridge-common-3.5.0.jar
4a84a000-4a84c000 r--s 0000c000 b3:02 2580509    /home/pi/.ivy2/cache/io.vertx/vertx-auth-common/jars/vertx-auth-common-3.5.0.jar
4a84c000-4a856000 r--s 00091000 b3:02 2580507    /home/pi/.ivy2/cache/io.vertx/vertx-web/jars/vertx-web-3.5.0.jar
4a856000-4a859000 r--s 00027000 b3:02 2580471    /home/pi/.ivy2/cache/io.vertx/vertx-web-scala_2.12/jars/vertx-web-scala_2.12-3.5.0.jar
4a859000-4a85a000 r--s 00002000 b3:02 2580475    /home/pi/.ivy2/cache/io.vertx/vertx-lang-scala-on-the-fly_2.12/jars/vertx-lang-scala-on-the-fly_2.12-3.5.0.jar
4a85a000-4a85d000 r--s 0000e000 b3:02 2580505    /home/pi/.ivy2/cache/com.fasterxml.jackson.core/jackson-annotations/bundles/jackson-annotations-2.9.0.jar
4a85d000-4a870000 r--s 00132000 b3:02 2580497    /home/pi/.ivy2/cache/com.fasterxml.jackson.core/jackson-databind/bundles/jackson-databind-2.9.0.jar
4a870000-4a874000 r--s 0004b000 b3:02 2580495    /home/pi/.ivy2/cache/com.fasterxml.jackson.core/jackson-core/bundles/jackson-core-2.9.0.jar
4a874000-4a876000 r--s 0000c000 b3:02 2580503    /home/pi/.ivy2/cache/io.netty/netty-codec-dns/jars/netty-codec-dns-4.1.15.Final.jar
4a876000-4a879000 r--s 00016000 b3:02 2580493    /home/pi/.ivy2/cache/io.netty/netty-resolver-dns/jars/netty-resolver-dns-4.1.15.Final.jar
4a879000-4a881000 r--s 0005a000 b3:02 2580489    /home/pi/.ivy2/cache/io.netty/netty-codec-http2/jars/netty-codec-http2-4.1.15.Final.jar
4a881000-4a88b000 r--s 0007c000 b3:02 2580487    /home/pi/.ivy2/cache/io.netty/netty-codec-http/jars/netty-codec-http-4.1.15.Final.jar
4a88b000-4a88f000 r--s 0001a000 b3:02 2580501    /home/pi/.ivy2/cache/io.netty/netty-codec-socks/jars/netty-codec-socks-4.1.15.Final.jar
4a88f000-4a896000 r--s 00046000 b3:02 2580499    /home/pi/.ivy2/cache/io.netty/netty-codec/jars/netty-codec-4.1.15.Final.jar
4a896000-4a89e000 r--s 00054000 b3:02 2580483    /home/pi/.ivy2/cache/io.netty/netty-handler/jars/netty-handler-4.1.15.Final.jar
4a89e000-4a8a8000 r--s 00064000 b3:02 2580481    /home/pi/.ivy2/cache/io.netty/netty-transport/jars/netty-transport-4.1.15.Final.jar
4a8a8000-4a8b4000 r--s 0007d000 b3:02 2580477    /home/pi/.ivy2/cache/io.netty/netty-common/jars/netty-common-4.1.15.Final.jar
4a8b4000-4a900000 r--s 0090b000 b3:02 1418868    /home/pi/.ivy2/cache/org.scala-lang/scala-compiler/jars/scala-compiler-2.12.4.jar
4a900000-4a9fe000 rw-p 00000000 00:00 0 
4a9fe000-4aa00000 ---p 00000000 00:00 0 
4aa00000-4aaf9000 rw-p 00000000 00:00 0 
4aaf9000-4ab00000 ---p 00000000 00:00 0 
4ab00000-4ac00000 rw-p 00000000 00:00 0 
4ac00000-4acfc000 rw-p 00000000 00:00 0 
4acfc000-4ad00000 ---p 00000000 00:00 0 
4ad00000-4adfd000 rw-p 00000000 00:00 0 
4adfd000-4ae00000 ---p 00000000 00:00 0 
4ae00000-4af00000 rw-p 00000000 00:00 0 
4af00000-4affe000 rw-p 00000000 00:00 0 
4affe000-4b000000 ---p 00000000 00:00 0 
4b000000-4b0fe000 rw-p 00000000 00:00 0 
4b0fe000-4b100000 ---p 00000000 00:00 0 
4b100000-4b1fe000 rw-p 00000000 00:00 0 
4b1fe000-4b200000 ---p 00000000 00:00 0 
4b200000-4b202000 r--s 00004000 b3:02 2580485    /home/pi/.ivy2/cache/io.netty/netty-handler-proxy/jars/netty-handler-proxy-4.1.15.Final.jar
4b202000-4b203000 r--s 00007000 b3:02 2580491    /home/pi/.ivy2/cache/io.netty/netty-resolver/jars/netty-resolver-4.1.15.Final.jar
4b203000-4b213000 r--s 00106000 b3:02 2580473    /home/pi/.ivy2/cache/io.vertx/vertx-core/jars/vertx-core-3.5.0.jar
4b213000-4b21a000 r--s 00078000 b3:02 2580469    /home/pi/.ivy2/cache/io.vertx/vertx-lang-scala_2.12/jars/vertx-lang-scala_2.12-3.5.0.jar
4b21a000-4b21e000 r--s 0003e000 b3:02 1418869    /home/pi/.ivy2/cache/jline/jline/jars/jline-2.14.5.jar
4b21e000-4b224000 r--s 00080000 b3:02 1296762    /home/pi/.ivy2/cache/org.scala-lang.modules/scala-xml_2.12/bundles/scala-xml_2.12-1.0.6.jar
4b224000-4b246000 r--s 0034a000 b3:02 909461     /home/pi/.ivy2/cache/org.scala-lang/scala-reflect/jars/scala-reflect-2.12.4.jar
4b246000-4b27e000 r--s 004ca000 b3:02 654399     /home/pi/.ivy2/cache/org.scala-lang/scala-library/jars/scala-library-2.12.4.jar
4b27e000-4b37e000 rw-p 00000000 00:00 0 
4b37e000-4b383000 r--s 00031000 b3:02 2580230    /home/pi/.ivy2/cache/scala_2.10/sbt_0.13/se.marcuslonnberg/sbt-docker/jars/sbt-docker-1.4.1.jar
4b383000-4b38e000 r--s 00067000 b3:02 2580283    /home/pi/.ivy2/cache/com.github.mdr/ascii-graphs_2.10/jars/ascii-graphs_2.10-0.0.3.jar
4b38e000-4b396000 r--s 0003e000 b3:02 2580228    /home/pi/.ivy2/cache/scala_2.10/sbt_0.13/net.virtual-void/sbt-dependency-graph/jars/sbt-dependency-graph-0.8.2.jar
4b396000-4b39b000 r--s 0003b000 b3:02 2580281    /home/pi/.ivy2/cache/org.scoverage/scalac-scoverage-plugin_2.10/jars/scalac-scoverage-plugin_2.10-1.3.0.jar
4b39b000-4b39d000 r--s 00010000 b3:02 2580226    /home/pi/.ivy2/cache/scala_2.10/sbt_0.13/org.scoverage/sbt-scoverage/jars/sbt-scoverage-1.5.0.jar
4b39d000-4b3a7000 r--s 00058000 b3:02 2580279    /home/pi/.ivy2/cache/org.scalaz/scalaz-effect_2.10/bundles/scalaz-effect_2.10-7.2.7.jar
4b3a7000-4b3b0000 r--s 00046000 b3:02 2580277    /home/pi/.ivy2/cache/org.scalaz/scalaz-concurrent_2.10/bundles/scalaz-concurrent_2.10-7.2.7.jar
4b3b0000-4b3b7000 r--s 00049000 b3:02 1296781    /home/pi/.ivy2/cache/io.get-coursier/coursier-cache_2.10/jars/coursier-cache_2.10-1.0.0-M15-1.jar
4b3b7000-4b3bd000 r--s 00048000 b3:02 2580274    /home/pi/.ivy2/cache/org.jsoup/jsoup/jars/jsoup-1.9.2.jar
4b3bd000-4b3bf000 r--s 0001a000 b3:02 1033267    /home/pi/.ivy2/cache/com.lihaoyi/sourcecode_2.10/jars/sourcecode_2.10-0.1.3.jar
4b3bf000-4b3cb000 r--s 000a4000 b3:02 2580275    /home/pi/.ivy2/cache/org.scalamacros/quasiquotes_2.10/jars/quasiquotes_2.10-2.1.0.jar
4b3cb000-4b3cd000 r--s 00011000 b3:02 1033265    /home/pi/.ivy2/cache/com.lihaoyi/fastparse-utils_2.10/jars/fastparse-utils_2.10-0.4.2.jar
4b3cd000-4b3d3000 r--s 0004c000 b3:02 1033263    /home/pi/.ivy2/cache/com.lihaoyi/fastparse_2.10/jars/fastparse_2.10-0.4.2.jar
4b3d3000-4b4a5000 r--s 0096a000 b3:02 2580272    /home/pi/.ivy2/cache/org.scalaz/scalaz-core_2.10/bundles/scalaz-core_2.10-7.2.7.jar
4b4a5000-4b4c0000 r--s 00109000 b3:02 1161855    /home/pi/.ivy2/cache/io.get-coursier/coursier_2.10/jars/coursier_2.10-1.0.0-M15-1.jar
4b4c0000-4b4c2000 r--s 00007000 b3:02 2580270    /home/pi/.ivy2/cache/com.martiansoftware/nailgun-server/jars/nailgun-server-0.9.1.jar
4b4c2000-4b4c3000 r--s 00006000 b3:02 2580268    /home/pi/.ivy2/cache/com.geirsson/scalafmt-bootstrap_2.10/jars/scalafmt-bootstrap_2.10-0.5.5.jar
4b4c3000-4b4c4000 r--s 00001000 b3:02 2580224    /home/pi/.ivy2/cache/scala_2.10/sbt_0.13/com.geirsson/sbt-scalafmt/jars/sbt-scalafmt-0.5.5.jar
4b4c4000-4b4c6000 r--s 0000b000 b3:02 2580262    /home/pi/.ivy2/cache/org.codehaus.plexus/plexus-classworlds/bundles/plexus-classworlds-2.5.2.jar
4b4c6000-4b4c8000 r--s 00000000 b3:02 2580260    /home/pi/.ivy2/cache/org.codehaus.plexus/plexus-component-annotations/jars/plexus-component-annotations-1.5.5.jar
4b4c8000-4b4d0000 r--s 00055000 b3:02 2580258    /home/pi/.ivy2/cache/org.eclipse.sisu/org.eclipse.sisu.inject/eclipse-plugins/org.eclipse.sisu.inject-0.3.2.jar
4b4d0000-4b4d1000 r--s 00000000 b3:02 2580266    /home/pi/.ivy2/cache/javax.inject/javax.inject/jars/javax.inject-1.jar
4b4d1000-4b4d4000 r--s 00008000 b3:02 2580256    /home/pi/.ivy2/cache/javax.enterprise/cdi-api/jars/cdi-api-1.0.jar
4b4d4000-4b4da000 r--s 0002d000 b3:02 2580250    /home/pi/.ivy2/cache/org.eclipse.sisu/org.eclipse.sisu.plexus/eclipse-plugins/org.eclipse.sisu.plexus-0.3.2.jar
4b4da000-4b4e1000 r--s 00064000 b3:02 2580254    /home/pi/.ivy2/cache/org.apache.commons/commons-lang3/jars/commons-lang3-3.4.jar
4b4e1000-4b500000 r--s 001d5000 b3:02 2580234    /home/pi/.ivy2/cache/org.apache.ant/ant/jars/ant-1.9.9.jar
4b500000-4b600000 rw-p 00000000 00:00 0 
4b600000-4b700000 rw-p 00000000 00:00 0 
4b700000-4b900000 rw-p 00000000 00:00 0 
4b900000-4bb00000 rw-p 00000000 00:00 0 
4bb00000-4bc00000 rw-p 00000000 00:00 0 
4bc00000-4bd00000 rw-p 00000000 00:00 0 
4bd00000-4bdfe000 rw-p 00000000 00:00 0 
4bdfe000-4be00000 ---p 00000000 00:00 0 
4be00000-4be31000 rw-p 00000000 00:00 0 
4be31000-4bf00000 ---p 00000000 00:00 0 
4bf00000-4c000000 rw-p 00000000 00:00 0 
4c000000-4c0fe000 rw-p 00000000 00:00 0 
4c0fe000-4c100000 ---p 00000000 00:00 0 
4c100000-4c1ff000 rw-p 00000000 00:00 0 
4c1ff000-4c200000 ---p 00000000 00:00 0 
4c200000-4c400000 rw-p 00000000 00:00 0 
4c400000-4c4fd000 rw-p 00000000 00:00 0 
4c4fd000-4c500000 ---p 00000000 00:00 0 
4c500000-4c5fa000 rw-p 00000000 00:00 0 
4c5fa000-4c600000 ---p 00000000 00:00 0 
4c600000-4c700000 rw-p 00000000 00:00 0 
4c700000-4c800000 rw-p 00000000 00:00 0 
4c800000-4c900000 rw-p 00000000 00:00 0 
4c900000-4c902000 r--s 0000c000 b3:02 2580248    /home/pi/.ivy2/cache/org.apache.maven/maven-artifact/jars/maven-artifact-3.3.9.jar
4c902000-4c906000 r--s 00038000 b3:02 2580252    /home/pi/.ivy2/cache/org.codehaus.plexus/plexus-utils/jars/plexus-utils-3.0.22.jar
4c906000-4c909000 r--s 00026000 b3:02 2580246    /home/pi/.ivy2/cache/org.apache.maven/maven-model/jars/maven-model-3.3.9.jar
4c909000-4c90b000 r--s 0000a000 b3:02 2580240    /home/pi/.ivy2/cache/org.apache.maven/maven-plugin-api/jars/maven-plugin-api-3.3.9.jar
4c90b000-4c90d000 r--s 00006000 b3:02 2580244    /home/pi/.ivy2/cache/org.ow2.asm/asm-tree/jars/asm-tree-5.2.jar
4c90d000-4c90f000 r--s 0000a000 b3:02 2580238    /home/pi/.ivy2/cache/org.ow2.asm/asm-commons/jars/asm-commons-5.2.jar
4c90f000-4c911000 r--s 0000c000 b3:02 2580236    /home/pi/.ivy2/cache/org.ow2.asm/asm/jars/asm-5.2.jar
4c911000-4c91b000 r--s 000a6000 b3:02 2456773    /home/pi/.ivy2/cache/org.scalactic/scalactic_2.10/bundles/scalactic_2.10-3.0.1.jar
4c91b000-4c920000 r--s 00031000 b3:02 2580222    /home/pi/.ivy2/cache/scala_2.10/sbt_0.13/com.eed3si9n/sbt-assembly/jars/sbt-assembly-0.14.5.jar
4c920000-4c923000 ---p 00000000 00:00 0 
4c923000-4c970000 rw-p 00000000 00:00 0 
4c970000-4c973000 ---p 00000000 00:00 0 
4c973000-4cac0000 rw-p 00000000 00:00 0 
4cac0000-4cac3000 ---p 00000000 00:00 0 
4cac3000-4cb10000 rw-p 00000000 00:00 0 
4cb10000-4cb13000 ---p 00000000 00:00 0 
4cb13000-4cc60000 rw-p 00000000 00:00 0 
4cc60000-4cc63000 ---p 00000000 00:00 0 
4cc63000-4ccb0000 rw-p 00000000 00:00 0 
4ccb0000-4ccb3000 ---p 00000000 00:00 0 
4ccb3000-4ce00000 rw-p 00000000 00:00 0 
4ce00000-4cf00000 rw-p 00000000 00:00 0 
4cf00000-4d000000 rw-p 00000000 00:00 0 
4d000000-4d100000 rw-p 00000000 00:00 0 
4d100000-4d200000 rw-p 00000000 00:00 0 
4d200000-4d300000 rw-p 00000000 00:00 0 
4d300000-4d400000 rw-p 00000000 00:00 0 
4d400000-4d4fe000 rw-p 00000000 00:00 0 
4d4fe000-4d500000 ---p 00000000 00:00 0 
4d500000-4d600000 rw-p 00000000 00:00 0 
4d600000-4d6fe000 rw-p 00000000 00:00 0 
4d6fe000-4d700000 ---p 00000000 00:00 0 
4d700000-4d800000 rw-p 00000000 00:00 0 
4d800000-4d900000 rw-p 00000000 00:00 0 
4d900000-4da00000 rw-p 00000000 00:00 0 
4da00000-4daf9000 rw-p 00000000 00:00 0 
4daf9000-4db00000 ---p 00000000 00:00 0 
4db00000-4dc00000 rw-p 00000000 00:00 0 
4dc00000-4dcf3000 rw-p 00000000 00:00 0 
4dcf3000-4dd00000 ---p 00000000 00:00 0 
4dd00000-4de00000 rw-p 00000000 00:00 0 
4de00000-4df00000 rw-p 00000000 00:00 0 
4df00000-4e000000 rw-p 00000000 00:00 0 
4e000000-4e100000 rw-p 00000000 00:00 0 
4e100000-4e200000 rw-p 00000000 00:00 0 
4e200000-4e300000 rw-p 00000000 00:00 0 
4e300000-4e400000 rw-p 00000000 00:00 0 
4e400000-4e500000 rw-p 00000000 00:00 0 
4e500000-4e600000 rw-p 00000000 00:00 0 
4e600000-4e700000 rw-p 00000000 00:00 0 
4e700000-4e7fd000 rw-p 00000000 00:00 0 
4e7fd000-4e800000 ---p 00000000 00:00 0 
4e800000-4e8fe000 rw-p 00000000 00:00 0 
4e8fe000-4e900000 ---p 00000000 00:00 0 
4e900000-4ea00000 rw-p 00000000 00:00 0 
4ea00000-4eafe000 rw-p 00000000 00:00 0 
4eafe000-4eb00000 ---p 00000000 00:00 0 
4eb00000-4ec00000 rw-p 00000000 00:00 0 
4ec00000-4ed00000 rw-p 00000000 00:00 0 
4ed00000-4ee00000 rw-p 00000000 00:00 0 
4ee00000-4ee03000 r--s 0001a000 b3:02 2580232    /home/pi/.ivy2/cache/org.pantsbuild/jarjar/jars/jarjar-1.6.4.jar
4ee03000-4ee06000 r--s 0003f000 b3:02 2580479    /home/pi/.ivy2/cache/io.netty/netty-buffer/jars/netty-buffer-4.1.15.Final.jar
4ee06000-4ee09000 r--s 00026000 b3:02 1547750    /home/pi/.sbt/boot/scala-2.10.7/org.scala-sbt/sbt/0.13.18/org.scala-sbt-compiler-interface-0.13.18-bin_2.12.4__52.0/org.scala-sbt-compiler-interface-0.13.18-bin_2.12.4__52.0.jar
4ee09000-4ee0e000 r--s 002f9000 b3:02 2456112    /usr/lib/jvm/java-8-openjdk-armhf/jre/lib/charsets.jar
4ee0e000-4ee13000 r--s 00045000 b3:02 2580629    /home/pi/.ivy2/cache/io.spray/spray-json_2.10/bundles/spray-json_2.10-1.3.4.jar
4ee13000-4ee25000 r--s 0009c000 b3:02 2580613    /home/pi/.ivy2/cache/scala_2.10/sbt_0.13/org.jetbrains/sbt-structure-extractor/jars/sbt-structure-extractor-2018.2.1+4-88400d3f.jar
4ee25000-4ee28000 ---p 00000000 00:00 0 
4ee28000-4ee75000 rw-p 00000000 00:00 0 
4ee75000-4ee77000 r--s 00007000 b3:02 1547743    /tmp/sbt_fa44eaae/srcs/org.scala-sbt/compiler-interface/compiler-interface-0.13.18-sources.jar (deleted)
4ee77000-4ee7a000 r--s 00011000 b3:02 2580623    /home/pi/.ivy2/cache/scala_2.10/sbt_0.13/org.jetbrains/sbt-idea-compiler-indices/jars/sbt-idea-compiler-indices-0.1.3.jar
4ee7a000-4eef4000 r--s 01103000 b3:02 2456302    /usr/lib/jvm/java-8-openjdk-armhf/lib/tools.jar
4eef4000-4ef00000 r--s 000a4000 b3:02 269774     /home/pi/.sbt/boot/scala-2.10.7/org.scala-sbt/sbt/0.13.18/quasiquotes_2.10-2.0.1.jar
4ef00000-4f000000 rw-p 00000000 00:00 0 
4f000000-4f0fc000 rw-p 00000000 00:00 0 
4f0fc000-4f100000 ---p 00000000 00:00 0 
4f100000-4f200000 rw-p 00000000 00:00 0 
4f200000-4f300000 rw-p 00000000 00:00 0 
4f300000-4f3fe000 rw-p 00000000 00:00 0 
4f3fe000-4f400000 ---p 00000000 00:00 0 
4f400000-4f402000 r--s 00019000 b3:02 2580627    /home/pi/.ivy2/cache/io.github.sugakandrey/scala-compiler-indices-protocol_2.10/jars/scala-compiler-indices-protocol_2.10-0.1.1.jar
4f402000-4f404000 r--s 00002000 b3:02 2580615    /home/pi/.ivy2/cache/scala_2.10/sbt_0.13/org.jetbrains/sbt-idea-shell/jars/sbt-idea-shell-2018.3.jar
4f404000-4f406000 r--s 0000b000 b3:02 269771     /home/pi/.sbt/boot/scala-2.10.7/org.scala-sbt/sbt/0.13.18/xsbti/interface-0.13.18.jar
4f406000-4f40c000 r--s 00039000 b3:02 269776     /home/pi/.sbt/boot/scala-2.10.7/org.scala-sbt/sbt/0.13.18/compile-0.13.18.jar
4f40c000-4f40e000 r--s 00004000 b3:02 269760     /home/pi/.sbt/boot/scala-2.10.7/org.scala-sbt/sbt/0.13.18/compiler-ivy-integration-0.13.18.jar
4f40e000-4f412000 r--s 0003e000 b3:02 269754     /home/pi/.sbt/boot/scala-2.10.7/org.scala-sbt/sbt/0.13.18/jline-2.14.5.jar
4f412000-4f414000 r--s 00007000 b3:02 269778     /home/pi/.sbt/boot/scala-2.10.7/org.scala-sbt/sbt/0.13.18/paranamer-2.6.jar
4f414000-4f437000 r--s 001bc000 b3:02 269784     /home/pi/.sbt/boot/scala-2.10.7/org.scala-sbt/sbt/0.13.18/ivy-0.13.18.jar
4f437000-4f43a000 r--s 0001e000 b3:02 269783     /home/pi/.sbt/boot/scala-2.10.7/org.scala-sbt/sbt/0.13.18/task-system-0.13.18.jar
4f43a000-4f444000 r--s 00085000 b3:02 269785     /home/pi/.sbt/boot/scala-2.10.7/org.scala-sbt/sbt/0.13.18/json4s-core_2.10-3.2.10.jar
4f444000-4f446000 r--s 00015000 b3:02 269746     /home/pi/.sbt/boot/scala-2.10.7/org.scala-sbt/sbt/0.13.18/classfile-0.13.18.jar
4f446000-4f477000 r--s 00274000 b3:02 269741     /home/pi/.sbt/boot/scala-2.10.7/org.scala-sbt/sbt/0.13.18/main-0.13.18.jar
4f477000-4f47b000 r--s 0001d000 b3:02 269781     /home/pi/.sbt/boot/scala-2.10.7/org.scala-sbt/sbt/0.13.18/tasks-0.13.18.jar
4f47b000-4f483000 r--s 00060000 b3:02 269758     /home/pi/.sbt/boot/scala-2.10.7/org.scala-sbt/sbt/0.13.18/collections-0.13.18.jar
4f483000-4f485000 r--s 00013000 b3:02 269765     /home/pi/.sbt/boot/scala-2.10.7/org.scala-sbt/sbt/0.13.18/json4s-ast_2.10-3.2.10.jar
4f485000-4f488000 r--s 0001e000 b3:02 269740     /home/pi/.sbt/boot/scala-2.10.7/org.scala-sbt/sbt/0.13.18/run-0.13.18.jar
4f488000-4f48f000 r--s 0004b000 b3:02 269761     /home/pi/.sbt/boot/scala-2.10.7/org.scala-sbt/sbt/0.13.18/serialization_2.10-0.1.2.jar
4f48f000-4f492000 r--s 00017000 b3:02 269780     /home/pi/.sbt/boot/scala-2.10.7/org.scala-sbt/sbt/0.13.18/testing-0.13.18.jar
4f492000-4f497000 r--s 0003a000 b3:02 269775     /home/pi/.sbt/boot/scala-2.10.7/org.scala-sbt/sbt/0.13.18/command-0.13.18.jar
4f497000-4f49b000 r--s 0001c000 b3:02 269747     /home/pi/.sbt/boot/scala-2.10.7/org.scala-sbt/sbt/0.13.18/compiler-integration-0.13.18.jar
4f49b000-4f49d000 r--s 00002000 b3:02 269777     /home/pi/.sbt/boot/scala-2.10.7/org.scala-sbt/sbt/0.13.18/control-0.13.18.jar
4f49d000-4f4a5000 r--s 00058000 b3:02 269752     /home/pi/.sbt/boot/scala-2.10.7/org.scala-sbt/sbt/0.13.18/completion-0.13.18.jar
4f4a5000-4f4ba000 r--s 00101000 b3:02 269753     /home/pi/.sbt/boot/scala-2.10.7/org.scala-sbt/sbt/0.13.18/ivy-2.3.0-sbt-b18f59ea3bc914a297bb6f1a4f7fb0ace399e310.jar
4f4ba000-4f5ba000 rw-p 00000000 00:00 0 
4f5ba000-4f5bb000 r--s 00001000 b3:02 2580264    /home/pi/.ivy2/cache/javax.annotation/jsr250-api/jars/jsr250-api-1.0.jar
4f5bb000-4f5bd000 r--s 00006000 b3:02 269772     /home/pi/.sbt/boot/scala-2.10.7/org.scala-sbt/sbt/0.13.18/relation-0.13.18.jar
4f5bd000-4f5cb000 r--s 000bc000 b3:02 269745     /home/pi/.sbt/boot/scala-2.10.7/org.scala-sbt/sbt/0.13.18/scala-pickling_2.10-0.10.1.jar
4f5cb000-4f600000 r--s 002df000 b3:02 269767     /home/pi/.sbt/boot/scala-2.10.7/org.scala-sbt/sbt/0.13.18/scala-reflect-2.10.7.jar
4f600000-4f700000 rw-p 00000000 00:00 0 
4f700000-4f701000 r--s 00004000 b3:02 2580242    /home/pi/.ivy2/cache/org.apache.ant/ant-launcher/jars/ant-launcher-1.9.9.jar
4f701000-4f800000 r--s 00cda000 b3:02 269790     /home/pi/.sbt/boot/scala-2.10.7/lib/scala-compiler.jar
4f800000-4f8fb000 rw-p 00000000 00:00 0 
4f8fb000-4f900000 ---p 00000000 00:00 0 
4f900000-4f9fc000 rw-p 00000000 00:00 0 
4f9fc000-4fa00000 ---p 00000000 00:00 0 
4fa00000-4fb00000 rw-p 00000000 00:00 0 
4fb00000-4fbfe000 rw-p 00000000 00:00 0 
4fbfe000-4fc00000 ---p 00000000 00:00 0 
4fc00000-4fc01000 r--s 00001000 b3:02 269738     /home/pi/.sbt/boot/scala-2.10.7/org.scala-sbt/sbt/0.13.18/json4s-support_2.10-0.6.0.jar
4fc01000-4fc06000 r--s 00025000 b3:02 269766     /home/pi/.sbt/boot/scala-2.10.7/org.scala-sbt/sbt/0.13.18/persist-0.13.18.jar
4fc06000-4fc08000 r--s 00014000 b3:02 269759     /home/pi/.sbt/boot/scala-2.10.7/org.scala-sbt/sbt/0.13.18/classpath-0.13.18.jar
4fc08000-4fc3d000 r--s 002df000 b3:02 269789     /home/pi/.sbt/boot/scala-2.10.7/lib/scala-reflect.jar
4fc3d000-4fcb0000 r--s 0065b000 b3:02 269792     /home/pi/.sbt/boot/scala-2.10.7/lib/scala-library.jar
4fcb0000-4fdb0000 rw-p 00000000 00:00 0 
4fdb0000-4fdb3000 ---p 00000000 00:00 0 
4fdb3000-4fe00000 rw-p 00000000 00:00 0 
4fe00000-4fef9000 rw-p 00000000 00:00 0 
4fef9000-4ff00000 ---p 00000000 00:00 0 
4ff00000-4ff01000 r--s 0000c000 b3:02 269786     /home/pi/.sbt/boot/scala-2.10.7/org.scala-sbt/sbt/0.13.18/sbt-0.13.18.jar
4ff01000-4ff05000 r--s 0001b000 b3:02 269764     /home/pi/.sbt/boot/scala-2.10.7/org.scala-sbt/sbt/0.13.18/process-0.13.18.jar
4ff05000-4ff09000 r--s 00022000 b3:02 269750     /home/pi/.sbt/boot/scala-2.10.7/org.scala-sbt/sbt/0.13.18/sbinary_2.10-0.4.2.jar
4ff09000-4ff0b000 r--s 00002000 b3:02 269779     /home/pi/.sbt/boot/scala-2.10.7/org.scala-sbt/sbt/0.13.18/test-interface-1.0.jar
4ff0b000-4ff12000 r--s 0003f000 b3:02 269751     /home/pi/.sbt/boot/scala-2.10.7/org.scala-sbt/sbt/0.13.18/io-0.13.18.jar
4ff12000-4ff16000 r--s 0003b000 b3:02 269756     /home/pi/.sbt/boot/scala-2.10.7/org.scala-sbt/sbt/0.13.18/jsch-0.1.50.jar
4ff16000-4ff20000 r--s 00070000 b3:02 269744     /home/pi/.sbt/boot/scala-2.10.7/org.scala-sbt/sbt/0.13.18/incremental-compiler-0.13.18.jar
4ff20000-4ff29000 r--s 0006f000 b3:02 269757     /home/pi/.sbt/boot/scala-2.10.7/org.scala-sbt/sbt/0.13.18/actions-0.13.18.jar
4ff29000-4ff2c000 ---p 00000000 00:00 0 
4ff2c000-50079000 rw-p 00000000 00:00 0 
50079000-5007d000 r-xp 00000000 b3:02 2060       /lib/arm-linux-gnueabihf/libnss_dns-2.28.so
5007d000-5008c000 ---p 00004000 b3:02 2060       /lib/arm-linux-gnueabihf/libnss_dns-2.28.so
5008c000-5008d000 r--p 00003000 b3:02 2060       /lib/arm-linux-gnueabihf/libnss_dns-2.28.so
5008d000-5008e000 rw-p 00004000 b3:02 2060       /lib/arm-linux-gnueabihf/libnss_dns-2.28.so
5008e000-5009f000 r-xp 00000000 b3:02 2088       /lib/arm-linux-gnueabihf/libresolv-2.28.so
5009f000-500ae000 ---p 00011000 b3:02 2088       /lib/arm-linux-gnueabihf/libresolv-2.28.so
500ae000-500af000 r--p 00010000 b3:02 2088       /lib/arm-linux-gnueabihf/libresolv-2.28.so
500af000-500b0000 rw-p 00011000 b3:02 2088       /lib/arm-linux-gnueabihf/libresolv-2.28.so
500b0000-500b2000 rw-p 00000000 00:00 0 
500b2000-500b3000 r--s 00002000 b3:02 269739     /home/pi/.sbt/boot/scala-2.10.7/org.scala-sbt/sbt/0.13.18/launcher-interface-1.0.1.jar
500b3000-500b5000 r--s 00012000 b3:02 269782     /home/pi/.sbt/boot/scala-2.10.7/org.scala-sbt/sbt/0.13.18/jawn-parser_2.10-0.6.0.jar
500b5000-500b7000 r--s 00014000 b3:02 269743     /home/pi/.sbt/boot/scala-2.10.7/org.scala-sbt/sbt/0.13.18/apply-macro-0.13.18.jar
500b7000-500ca000 r--s 00346000 b3:02 2456150    /usr/lib/jvm/java-8-openjdk-armhf/jre/lib/resources.jar
500ca000-501ca000 rw-p 00000000 00:00 0 
501ca000-502ca000 rw-p 00000000 00:00 0 
502ca000-502ed000 r-xp 00000000 b3:02 2456108    /usr/lib/jvm/java-8-openjdk-armhf/jre/lib/arm/libsunec.so
502ed000-502fc000 ---p 00023000 b3:02 2456108    /usr/lib/jvm/java-8-openjdk-armhf/jre/lib/arm/libsunec.so
502fc000-502fe000 r--p 00022000 b3:02 2456108    /usr/lib/jvm/java-8-openjdk-armhf/jre/lib/arm/libsunec.so
502fe000-502ff000 rw-p 00024000 b3:02 2456108    /usr/lib/jvm/java-8-openjdk-armhf/jre/lib/arm/libsunec.so
502ff000-503ff000 rw-p 00000000 00:00 0 
503ff000-51200000 rw-p 00000000 00:00 0 
51200000-513fd000 rw-p 00000000 00:00 0 
513fd000-51400000 ---p 00000000 00:00 0 
51400000-514fa000 rw-p 00000000 00:00 0 
514fa000-51500000 ---p 00000000 00:00 0 
51500000-51502000 r-xp 00000000 b3:02 2065       /lib/arm-linux-gnueabihf/libnss_mdns4_minimal.so.2
51502000-51511000 ---p 00002000 b3:02 2065       /lib/arm-linux-gnueabihf/libnss_mdns4_minimal.so.2
51511000-51512000 r--p 00001000 b3:02 2065       /lib/arm-linux-gnueabihf/libnss_mdns4_minimal.so.2
51512000-51513000 rw-p 00002000 b3:02 2065       /lib/arm-linux-gnueabihf/libnss_mdns4_minimal.so.2
51513000-51539000 r--p 00000000 b3:02 174582     /usr/share/locale/fr/LC_MESSAGES/libc.mo
51539000-51548000 r-xp 00000000 b3:02 2456105    /usr/lib/jvm/java-8-openjdk-armhf/jre/lib/arm/libnio.so
51548000-51557000 ---p 0000f000 b3:02 2456105    /usr/lib/jvm/java-8-openjdk-armhf/jre/lib/arm/libnio.so
51557000-51558000 r--p 0000e000 b3:02 2456105    /usr/lib/jvm/java-8-openjdk-armhf/jre/lib/arm/libnio.so
51558000-51559000 rw-p 0000f000 b3:02 2456105    /usr/lib/jvm/java-8-openjdk-armhf/jre/lib/arm/libnio.so
51559000-5156e000 r-xp 00000000 b3:02 2456104    /usr/lib/jvm/java-8-openjdk-armhf/jre/lib/arm/libnet.so
5156e000-5157d000 ---p 00015000 b3:02 2456104    /usr/lib/jvm/java-8-openjdk-armhf/jre/lib/arm/libnet.so
5157d000-5157e000 r--p 00014000 b3:02 2456104    /usr/lib/jvm/java-8-openjdk-armhf/jre/lib/arm/libnet.so
5157e000-5157f000 rw-p 00015000 b3:02 2456104    /usr/lib/jvm/java-8-openjdk-armhf/jre/lib/arm/libnet.so
5157f000-51580000 ---p 00000000 00:00 0 
51580000-51600000 rw-p 00000000 00:00 0 
51600000-51700000 rw-p 00000000 00:00 0 
51700000-51701000 r--s 00000000 b3:02 269763     /home/pi/.sbt/boot/scala-2.10.7/org.scala-sbt/sbt/0.13.18/template-resolver-0.1.jar
51701000-51707000 r--s 00038000 b3:02 269787     /home/pi/.sbt/boot/scala-2.10.7/org.scala-sbt/sbt/0.13.18/compiler-interface-0.13.18.jar
51707000-51712000 r--s 0009b000 b3:02 269769     /home/pi/.sbt/boot/scala-2.10.7/org.scala-sbt/sbt/0.13.18/main-settings-0.13.18.jar
51712000-5172f000 r--s 0011a000 b3:02 2576704    /home/pi/.IdeaIC2019.3/config/plugins/Scala/launcher/sbt-launch.jar
5172f000-51732000 ---p 00000000 00:00 0 
51732000-5177f000 rw-p 00000000 00:00 0 
5177f000-51780000 ---p 00000000 00:00 0 
51780000-51783000 ---p 00000000 00:00 0 
51783000-51800000 rw-p 00000000 00:00 0 
51800000-51821000 rw-p 00000000 00:00 0 
51821000-51900000 ---p 00000000 00:00 0 
51900000-5191b000 r--s 001d6000 b3:02 2456127    /usr/lib/jvm/java-8-openjdk-armhf/jre/lib/ext/nashorn.jar
5191b000-51936000 r--s 00394000 b3:02 2456122    /usr/lib/jvm/java-8-openjdk-armhf/jre/lib/ext/cldrdata.jar
51936000-51939000 ---p 00000000 00:00 0 
51939000-51986000 rw-p 00000000 00:00 0 
51986000-51c00000 r--p 0006b000 b3:02 43452      /usr/lib/locale/locale-archive
51c00000-51e00000 r--p 00000000 b3:02 43452      /usr/lib/locale/locale-archive
51e00000-51e21000 rw-p 00000000 00:00 0 
51e21000-51f00000 ---p 00000000 00:00 0 
51f00000-51f21000 rw-p 00000000 00:00 0 
51f21000-52000000 ---p 00000000 00:00 0 
52000000-520f5000 rw-p 00000000 00:00 0 
520f5000-52100000 ---p 00000000 00:00 0 
52100000-52101000 r--s 00005000 b3:02 269773     /home/pi/.sbt/boot/scala-2.10.7/org.scala-sbt/sbt/0.13.18/test-agent-0.13.18.jar
52101000-52103000 r--s 0000b000 b3:02 269749     /home/pi/.sbt/boot/scala-2.10.7/org.scala-sbt/sbt/0.13.18/tracking-0.13.18.jar
52103000-52109000 r--s 00040000 b3:02 269768     /home/pi/.sbt/boot/scala-2.10.7/org.scala-sbt/sbt/0.13.18/api-0.13.18.jar
52109000-5210b000 r--s 0000e000 b3:02 269742     /home/pi/.sbt/boot/scala-2.10.7/org.scala-sbt/sbt/0.13.18/logic-0.13.18.jar
5210b000-5210e000 r--s 00018000 b3:02 269748     /home/pi/.sbt/boot/scala-2.10.7/org.scala-sbt/sbt/0.13.18/logging-0.13.18.jar
5210e000-52111000 r--s 0001a000 b3:02 269755     /home/pi/.sbt/boot/scala-2.10.7/org.scala-sbt/sbt/0.13.18/cache-0.13.18.jar
52111000-52112000 r--s 00002000 b3:02 269762     /home/pi/.sbt/boot/scala-2.10.7/org.scala-sbt/sbt/0.13.18/cross-0.13.18.jar
52112000-52119000 r--s 00000000 b3:02 11795      /usr/lib/arm-linux-gnueabihf/gconv/gconv-modules.cache
52119000-5211c000 ---p 00000000 00:00 0 
5211c000-52169000 rw-p 00000000 00:00 0 
52169000-5216c000 ---p 00000000 00:00 0 
5216c000-521b9000 rw-p 00000000 00:00 0 
521b9000-521ba000 ---p 00000000 00:00 0 
521ba000-52288000 rw-p 00000000 00:00 0 
52288000-52457000 r--s 03c3b000 b3:02 2456151    /usr/lib/jvm/java-8-openjdk-armhf/jre/lib/rt.jar
52457000-528f8000 rw-p 00000000 00:00 0 
528f8000-528fe000 ---p 00000000 00:00 0 
528fe000-52961000 rw-p 00000000 00:00 0 
52961000-52aff000 ---p 00000000 00:00 0 
52aff000-52b31000 rw-p 00000000 00:00 0 
52b31000-52bff000 ---p 00000000 00:00 0 
52bff000-52c62000 rw-p 00000000 00:00 0 
52c62000-52dff000 ---p 00000000 00:00 0 
52dff000-59100000 rw-p 00000000 00:00 0 
59100000-72e00000 ---p 00000000 00:00 0 
72e00000-7f3d8000 rw-p 00000000 00:00 0 
7f3d8000-b2e00000 ---p 00000000 00:00 0 
b2e00000-b2e04000 r--s 00025000 b3:02 269793     /home/pi/.sbt/boot/scala-2.10.7/lib/jline.jar
b2e04000-b2e0e000 r--s 00116000 b3:02 2456126    /usr/lib/jvm/java-8-openjdk-armhf/jre/lib/ext/localedata.jar
b2e0e000-b2e57000 rw-p 00000000 00:00 0 
b2e57000-b2e8e000 ---p 00000000 00:00 0 
b2e8e000-b40ce000 rwxp 00000000 00:00 0 
b40ce000-b4e8e000 ---p 00000000 00:00 0 
b4e8e000-b4e97000 r-xp 00000000 b3:02 2061       /lib/arm-linux-gnueabihf/libnss_files-2.28.so
b4e97000-b4ea7000 ---p 00009000 b3:02 2061       /lib/arm-linux-gnueabihf/libnss_files-2.28.so
b4ea7000-b4ea8000 r--p 00009000 b3:02 2061       /lib/arm-linux-gnueabihf/libnss_files-2.28.so
b4ea8000-b4ea9000 rw-p 0000a000 b3:02 2061       /lib/arm-linux-gnueabihf/libnss_files-2.28.so
b4ea9000-b4eaf000 rw-p 00000000 00:00 0 
b4eaf000-b4ed3000 r-xp 00000000 b3:02 2456093    /usr/lib/jvm/java-8-openjdk-armhf/jre/lib/arm/libjava.so
b4ed3000-b4ee2000 ---p 00024000 b3:02 2456093    /usr/lib/jvm/java-8-openjdk-armhf/jre/lib/arm/libjava.so
b4ee2000-b4ee3000 r--p 00023000 b3:02 2456093    /usr/lib/jvm/java-8-openjdk-armhf/jre/lib/arm/libjava.so
b4ee3000-b4ee4000 rw-p 00024000 b3:02 2456093    /usr/lib/jvm/java-8-openjdk-armhf/jre/lib/arm/libjava.so
b4ee4000-b4eef000 r-xp 00000000 b3:02 2456110    /usr/lib/jvm/java-8-openjdk-armhf/jre/lib/arm/libverify.so
b4eef000-b4efe000 ---p 0000b000 b3:02 2456110    /usr/lib/jvm/java-8-openjdk-armhf/jre/lib/arm/libverify.so
b4efe000-b4eff000 r--p 0000a000 b3:02 2456110    /usr/lib/jvm/java-8-openjdk-armhf/jre/lib/arm/libverify.so
b4eff000-b4f00000 rw-p 0000b000 b3:02 2456110    /usr/lib/jvm/java-8-openjdk-armhf/jre/lib/arm/libverify.so
b4f00000-b4ffa000 rw-p 00000000 00:00 0 
b4ffa000-b5000000 ---p 00000000 00:00 0 
b5000000-b5003000 r--s 00018000 b3:02 269791     /home/pi/.sbt/boot/scala-2.10.7/lib/jansi.jar
b5003000-b5005000 r--s 00016000 b3:02 2456143    /usr/lib/jvm/java-8-openjdk-armhf/jre/lib/jce.jar
b5005000-b5009000 r--s 000a1000 b3:02 2456145    /usr/lib/jvm/java-8-openjdk-armhf/jre/lib/jsse.jar
b5009000-b500a000 r--s 0000a000 b3:02 2456125    /usr/lib/jvm/java-8-openjdk-armhf/jre/lib/ext/jaccess.jar
b500a000-b500d000 r--s 00039000 b3:02 2456130    /usr/lib/jvm/java-8-openjdk-armhf/jre/lib/ext/sunpkcs11.jar
b500d000-b500f000 r--s 00001000 b3:02 2456123    /usr/lib/jvm/java-8-openjdk-armhf/jre/lib/ext/dnsns.jar
b500f000-b5012000 r--s 0000f000 b3:02 2456124    /usr/lib/jvm/java-8-openjdk-armhf/jre/lib/ext/icedtea-sound.jar
b5012000-b5014000 r--s 00007000 b3:02 151487     /usr/share/java/java-atk-wrapper.jar
b5014000-b5019000 r--s 0003c000 b3:02 2456129    /usr/lib/jvm/java-8-openjdk-armhf/jre/lib/ext/sunjce_provider.jar
b5019000-b501f000 r-xp 00000000 b3:02 2089       /lib/arm-linux-gnueabihf/librt-2.28.so
b501f000-b502e000 ---p 00006000 b3:02 2089       /lib/arm-linux-gnueabihf/librt-2.28.so
b502e000-b502f000 r--p 00005000 b3:02 2089       /lib/arm-linux-gnueabihf/librt-2.28.so
b502f000-b5030000 rw-p 00006000 b3:02 2089       /lib/arm-linux-gnueabihf/librt-2.28.so
b5030000-b5031000 ---p 00000000 00:00 0 
b5031000-b5034000 ---p 00000000 00:00 0 
b5034000-b5081000 rw-p 00000000 00:00 0 
b5081000-b509d000 r-xp 00000000 b3:02 2038       /lib/arm-linux-gnueabihf/libgcc_s.so.1
b509d000-b50ac000 ---p 0001c000 b3:02 2038       /lib/arm-linux-gnueabihf/libgcc_s.so.1
b50ac000-b50ad000 r--p 0001b000 b3:02 2038       /lib/arm-linux-gnueabihf/libgcc_s.so.1
b50ad000-b50ae000 rw-p 0001c000 b3:02 2038       /lib/arm-linux-gnueabihf/libgcc_s.so.1
b50ae000-b511f000 r-xp 00000000 b3:02 2048       /lib/arm-linux-gnueabihf/libm-2.28.so
b511f000-b512e000 ---p 00071000 b3:02 2048       /lib/arm-linux-gnueabihf/libm-2.28.so
b512e000-b512f000 r--p 00070000 b3:02 2048       /lib/arm-linux-gnueabihf/libm-2.28.so
b512f000-b5130000 rw-p 00071000 b3:02 2048       /lib/arm-linux-gnueabihf/libm-2.28.so
b5130000-b525e000 r-xp 00000000 b3:02 11386      /usr/lib/arm-linux-gnueabihf/libstdc++.so.6.0.25
b525e000-b526e000 ---p 0012e000 b3:02 11386      /usr/lib/arm-linux-gnueabihf/libstdc++.so.6.0.25
b526e000-b5273000 r--p 0012e000 b3:02 11386      /usr/lib/arm-linux-gnueabihf/libstdc++.so.6.0.25
b5273000-b5275000 rw-p 00133000 b3:02 11386      /usr/lib/arm-linux-gnueabihf/libstdc++.so.6.0.25
b5275000-b5277000 rw-p 00000000 00:00 0 
b5277000-b5865000 r-xp 00000000 b3:02 2456077    /usr/lib/jvm/java-8-openjdk-armhf/jre/lib/arm/client/libjvm.so
b5865000-b5875000 ---p 005ee000 b3:02 2456077    /usr/lib/jvm/java-8-openjdk-armhf/jre/lib/arm/client/libjvm.so
b5875000-b5885000 r--p 005ee000 b3:02 2456077    /usr/lib/jvm/java-8-openjdk-armhf/jre/lib/arm/client/libjvm.so
b5885000-b589d000 rw-p 005fe000 b3:02 2456077    /usr/lib/jvm/java-8-openjdk-armhf/jre/lib/arm/client/libjvm.so
b589d000-b6cb8000 rw-p 00000000 00:00 0 
b6cb8000-b6df0000 r-xp 00000000 b3:02 2022       /lib/arm-linux-gnueabihf/libc-2.28.so
b6df0000-b6e00000 ---p 00138000 b3:02 2022       /lib/arm-linux-gnueabihf/libc-2.28.so
b6e00000-b6e02000 r--p 00138000 b3:02 2022       /lib/arm-linux-gnueabihf/libc-2.28.so
b6e02000-b6e03000 rw-p 0013a000 b3:02 2022       /lib/arm-linux-gnueabihf/libc-2.28.so
b6e03000-b6e06000 rw-p 00000000 00:00 0 
b6e06000-b6e08000 r-xp 00000000 b3:02 2031       /lib/arm-linux-gnueabihf/libdl-2.28.so
b6e08000-b6e17000 ---p 00002000 b3:02 2031       /lib/arm-linux-gnueabihf/libdl-2.28.so
b6e17000-b6e18000 r--p 00001000 b3:02 2031       /lib/arm-linux-gnueabihf/libdl-2.28.so
b6e18000-b6e19000 rw-p 00002000 b3:02 2031       /lib/arm-linux-gnueabihf/libdl-2.28.so
b6e19000-b6e27000 r-xp 00000000 b3:02 2456079    /usr/lib/jvm/java-8-openjdk-armhf/jre/lib/arm/jli/libjli.so
b6e27000-b6e36000 ---p 0000e000 b3:02 2456079    /usr/lib/jvm/java-8-openjdk-armhf/jre/lib/arm/jli/libjli.so
b6e36000-b6e37000 r--p 0000d000 b3:02 2456079    /usr/lib/jvm/java-8-openjdk-armhf/jre/lib/arm/jli/libjli.so
b6e37000-b6e38000 rw-p 0000e000 b3:02 2456079    /usr/lib/jvm/java-8-openjdk-armhf/jre/lib/arm/jli/libjli.so
b6e38000-b6e52000 r-xp 00000000 b3:02 2108       /lib/arm-linux-gnueabihf/libz.so.1.2.11
b6e52000-b6e61000 ---p 0001a000 b3:02 2108       /lib/arm-linux-gnueabihf/libz.so.1.2.11
b6e61000-b6e62000 r--p 00019000 b3:02 2108       /lib/arm-linux-gnueabihf/libz.so.1.2.11
b6e62000-b6e63000 rw-p 0001a000 b3:02 2108       /lib/arm-linux-gnueabihf/libz.so.1.2.11
b6e63000-b6e7a000 r-xp 00000000 b3:02 2085       /lib/arm-linux-gnueabihf/libpthread-2.28.so
b6e7a000-b6e89000 ---p 00017000 b3:02 2085       /lib/arm-linux-gnueabihf/libpthread-2.28.so
b6e89000-b6e8a000 r--p 00016000 b3:02 2085       /lib/arm-linux-gnueabihf/libpthread-2.28.so
b6e8a000-b6e8b000 rw-p 00017000 b3:02 2085       /lib/arm-linux-gnueabihf/libpthread-2.28.so
b6e8b000-b6e8d000 rw-p 00000000 00:00 0 
b6e8d000-b6e94000 r-xp 00000000 b3:02 10927      /usr/lib/arm-linux-gnueabihf/libatomic.so.1.2.0
b6e94000-b6ea3000 ---p 00007000 b3:02 10927      /usr/lib/arm-linux-gnueabihf/libatomic.so.1.2.0
b6ea3000-b6ea4000 r--p 00006000 b3:02 10927      /usr/lib/arm-linux-gnueabihf/libatomic.so.1.2.0
b6ea4000-b6ea5000 rw-p 00007000 b3:02 10927      /usr/lib/arm-linux-gnueabihf/libatomic.so.1.2.0
b6ea5000-b6ea6000 rw-p 00000000 00:00 0 
b6ea6000-b6ead000 r-xp 00000000 b3:02 2456111    /usr/lib/jvm/java-8-openjdk-armhf/jre/lib/arm/libzip.so
b6ead000-b6ebc000 ---p 00007000 b3:02 2456111    /usr/lib/jvm/java-8-openjdk-armhf/jre/lib/arm/libzip.so
b6ebc000-b6ebd000 r--p 00006000 b3:02 2456111    /usr/lib/jvm/java-8-openjdk-armhf/jre/lib/arm/libzip.so
b6ebd000-b6ebe000 rw-p 00007000 b3:02 2456111    /usr/lib/jvm/java-8-openjdk-armhf/jre/lib/arm/libzip.so
b6ebe000-b6ec2000 r-xp 00000000 b3:02 10917      /usr/lib/arm-linux-gnueabihf/libarmmem-v7l.so
b6ec2000-b6ed1000 ---p 00004000 b3:02 10917      /usr/lib/arm-linux-gnueabihf/libarmmem-v7l.so
b6ed1000-b6ed2000 r--p 00003000 b3:02 10917      /usr/lib/arm-linux-gnueabihf/libarmmem-v7l.so
b6ed2000-b6ed3000 rw-p 00004000 b3:02 10917      /usr/lib/arm-linux-gnueabihf/libarmmem-v7l.so
b6ed3000-b6ef3000 r-xp 00000000 b3:02 1945       /lib/arm-linux-gnueabihf/ld-2.28.so
b6ef3000-b6ef5000 r--s 00008000 b3:02 2456128    /usr/lib/jvm/java-8-openjdk-armhf/jre/lib/ext/sunec.jar
b6ef5000-b6ef6000 r--s 00010000 b3:02 2456131    /usr/lib/jvm/java-8-openjdk-armhf/jre/lib/ext/zipfs.jar
b6ef6000-b6efe000 rw-s 00000000 b3:02 2456782    /tmp/hsperfdata_pi/24086
b6efe000-b6eff000 r--p 00000000 00:00 0 
b6eff000-b6f03000 rw-p 00000000 00:00 0 
b6f03000-b6f04000 r--p 00020000 b3:02 1945       /lib/arm-linux-gnueabihf/ld-2.28.so
b6f04000-b6f05000 rw-p 00021000 b3:02 1945       /lib/arm-linux-gnueabihf/ld-2.28.so
becbe000-becdf000 rw-p 00000000 00:00 0          [stack]
bed9c000-bed9d000 r-xp 00000000 00:00 0          [sigpage]
bed9d000-bed9e000 r--p 00000000 00:00 0          [vvar]
bed9e000-bed9f000 r-xp 00000000 00:00 0          [vdso]
ffff0000-ffff1000 r-xp 00000000 00:00 0          [vectors]

VM Arguments:
jvm_args: -Xmx1536M -Dsbt.supershell=false -Didea.managed=true -Dfile.encoding=UTF-8 -Dsbt.version=0.13.18 
java_command: /home/pi/.IdeaIC2019.3/config/plugins/Scala/launcher/sbt-launch.jar early(addPluginSbtFile="""/tmp/idea.sbt""") ; set ideaPort in Global := 44881 ; idea-shell
java_class_path (initial): /home/pi/.IdeaIC2019.3/config/plugins/Scala/launcher/sbt-launch.jar
Launcher Type: SUN_STANDARD

Environment Variables:
PATH=/usr/local/sbin:/usr/local/bin:/usr/sbin:/usr/bin:/sbin:/bin:/usr/local/games:/usr/games
SHELL=/bin/bash
DISPLAY=:10.0

Signal Handlers:
SIGSEGV: [libjvm.so+0x57b11c], sa_mask[0]=11111111011111111101111111111110, sa_flags=SA_RESTART|SA_SIGINFO
SIGBUS: [libjvm.so+0x57b11c], sa_mask[0]=11111111011111111101111111111110, sa_flags=SA_RESTART|SA_SIGINFO
SIGFPE: [libjvm.so+0x453b70], sa_mask[0]=11111111011111111101111111111110, sa_flags=SA_RESTART|SA_SIGINFO
SIGPIPE: [libjvm.so+0x453b70], sa_mask[0]=11111111011111111101111111111110, sa_flags=SA_RESTART|SA_SIGINFO
SIGXFSZ: [libjvm.so+0x453b70], sa_mask[0]=11111111011111111101111111111110, sa_flags=SA_RESTART|SA_SIGINFO
SIGILL: [libjvm.so+0x453b70], sa_mask[0]=11111111011111111101111111111110, sa_flags=SA_RESTART|SA_SIGINFO
SIGUSR1: SIG_DFL, sa_mask[0]=00000000000000000000000000000000, sa_flags=none
SIGUSR2: [libjvm.so+0x45398c], sa_mask[0]=00100000000000000000000000000000, sa_flags=SA_RESTART|SA_SIGINFO
SIGHUP: SIG_IGN, sa_mask[0]=00000000000000000000000000000000, sa_flags=none
SIGINT: [libjvm.so+0x453ad8], sa_mask[0]=11111111011111111101111111111110, sa_flags=SA_RESTART|SA_SIGINFO
SIGTERM: [libjvm.so+0x453ad8], sa_mask[0]=11111111011111111101111111111110, sa_flags=SA_RESTART|SA_SIGINFO
SIGQUIT: [libjvm.so+0x453ad8], sa_mask[0]=11111111011111111101111111111110, sa_flags=SA_RESTART|SA_SIGINFO


---------------  S Y S T E M  ---------------

OS:PRETTY_NAME="Raspbian GNU/Linux 10 (buster)"
NAME="Raspbian GNU/Linux"
VERSION_ID="10"
VERSION="10 (buster)"
VERSION_CODENAME=buster
ID=raspbian
ID_LIKE=debian
HOME_URL="http://www.raspbian.org/"
SUPPORT_URL="http://www.raspbian.org/RaspbianForums"
BUG_REPORT_URL="http://www.raspbian.org/RaspbianBugs"

uname:Linux 4.19.97-v7l+ #1294 SMP Thu Jan 30 13:21:14 GMT 2020 armv7l
libc:glibc 2.28 NPTL 2.28 
rlimit: STACK 8192k, CORE 0k, NPROC 29184, NOFILE 524288, AS infinity
load average:0,90 0,87 1,40

/proc/meminfo:
MemTotal:        3999756 kB
MemFree:           73200 kB
MemAvailable:    1591164 kB
Buffers:          129096 kB
Cached:          1666560 kB
SwapCached:         1784 kB
Active:          2755936 kB
Inactive:         911444 kB
Active(anon):    1720068 kB
Inactive(anon):   354588 kB
Active(file):    1035868 kB
Inactive(file):   556856 kB
Unevictable:          16 kB
Mlocked:              16 kB
HighTotal:       3264512 kB
HighFree:          30360 kB
LowTotal:         735244 kB
LowFree:           42840 kB
SwapTotal:        102396 kB
SwapFree:          65788 kB
Dirty:               412 kB
Writeback:           148 kB
AnonPages:       1870724 kB
Mapped:           412780 kB
Shmem:            202932 kB
Slab:             134540 kB
SReclaimable:      77252 kB
SUnreclaim:        57288 kB
KernelStack:        4088 kB
PageTables:        14448 kB
NFS_Unstable:          0 kB
Bounce:                0 kB
WritebackTmp:          0 kB
CommitLimit:     2102272 kB
Committed_AS:    4586492 kB
VmallocTotal:     245760 kB
VmallocUsed:           0 kB
VmallocChunk:          0 kB
Percpu:             1024 kB
CmaTotal:         262144 kB
CmaFree:            3628 kB

container (cgroup) information:
container_type: cgroupv1
cpu_cpuset_cpus: 0-3
cpu_memory_nodes: 0
active_processor_count: 4
cpu_quota: -2
cpu_period: -2
cpu_shares: -1
memory_limit_in_bytes: -1
memory_and_swap_limit_in_bytes: -2
memory_soft_limit_in_bytes: -1
memory_usage_in_bytes: 3303993344
memory_max_usage_in_bytes: 3387568128


CPU:total 4 (initial active 4) 0x41:0x0:0xd08:3

/proc/cpuinfo:
processor	: 0
model name	: ARMv7 Processor rev 3 (v7l)
BogoMIPS	: 270.00
Features	: half thumb fastmult vfp edsp neon vfpv3 tls vfpv4 idiva idivt vfpd32 lpae evtstrm crc32 
CPU implementer	: 0x41
CPU architecture: 7
CPU variant	: 0x0
CPU part	: 0xd08
CPU revision	: 3

processor	: 1
model name	: ARMv7 Processor rev 3 (v7l)
BogoMIPS	: 270.00
Features	: half thumb fastmult vfp edsp neon vfpv3 tls vfpv4 idiva idivt vfpd32 lpae evtstrm crc32 
CPU implementer	: 0x41
CPU architecture: 7
CPU variant	: 0x0
CPU part	: 0xd08
CPU revision	: 3

processor	: 2
model name	: ARMv7 Processor rev 3 (v7l)
BogoMIPS	: 270.00
Features	: half thumb fastmult vfp edsp neon vfpv3 tls vfpv4 idiva idivt vfpd32 lpae evtstrm crc32 
CPU implementer	: 0x41
CPU architecture: 7
CPU variant	: 0x0
CPU part	: 0xd08
CPU revision	: 3

processor	: 3
model name	: ARMv7 Processor rev 3 (v7l)
BogoMIPS	: 270.00
Features	: half thumb fastmult vfp edsp neon vfpv3 tls vfpv4 idiva idivt vfpd32 lpae evtstrm crc32 
CPU implementer	: 0x41
CPU architecture: 7
CPU variant	: 0x0
CPU part	: 0xd08
CPU revision	: 3

Hardware	: BCM2835
Revision	: c03112
Serial		: 100000003abd1d4c
Model		: Raspberry Pi 4 Model B Rev 1.2


Memory: 4k page, physical 3999756k(73200k free), swap 102396k(65788k free)

vm_info: OpenJDK Client VM (25.212-b01) for linux-aarch32 JRE (1.8.0_212-8u212-b01-1+rpi1-b01), built on Mar 29 2019 13:54:02 by "root" with gcc 8.3.0

time: Mon Mar 23 17:21:34 2020
timezone: CET
elapsed time: 424 seconds (0d 0h 7m 4s)

